connecting to postgres...
downloading rustsec advisory-db...
rustsec advisories loaded: 882
progress: 1/882 advisories, written_rows=0, skipped=0, elapsed=0.0s
progress: 3/882 advisories, written_rows=434, skipped=0, elapsed=8.0s
propagation fallback: rustsec_id=RUSTSEC-2016-0003 cve_id=CVE-2016-10933 pkg=portaudio reason=no_patched_using_latest_version latest_version=0.8.0 latest_time=2024-10-13 16:33:21.791196 UTC patched_versions_count=0 unaffected_versions_count=0 patched_sample= unaffected_sample=
propagation fallback: rustsec_id=RUSTSEC-2016-0004 cve_id=RUSTSEC-2016-0004 pkg=libusb reason=no_patched_using_latest_version latest_version=0.3.0 latest_time=2016-09-10 18:59:30.800141 UTC patched_versions_count=0 unaffected_versions_count=1 patched_sample= unaffected_sample=> 0.3.0
propagation fallback: rustsec_id=RUSTSEC-2016-0005 cve_id=RUSTSEC-2016-0005 pkg=rust-crypto reason=no_patched_using_latest_version latest_version=0.2.36 latest_time=2016-05-20 05:40:27.059177 UTC patched_versions_count=0 unaffected_versions_count=1 patched_sample= unaffected_sample=> 0.2.36
propagation fallback: rustsec_id=RUSTSEC-2016-0006 cve_id=RUSTSEC-2016-0006 pkg=cassandra reason=no_patched_using_latest_version latest_version=0.8.1 latest_time=2016-12-13 01:55:19.598297 UTC patched_versions_count=0 unaffected_versions_count=1 patched_sample= unaffected_sample=> 0.8.1
progress: 11/882 advisories, written_rows=1279, skipped=0, elapsed=13.5s
propagation fallback: rustsec_id=RUSTSEC-2017-0007 cve_id=RUSTSEC-2017-0007 pkg=lz4-compress reason=no_patched_using_latest_version latest_version=0.1.1 latest_time=2017-05-04 21:11:38.849734 UTC patched_versions_count=0 unaffected_versions_count=0 patched_sample= unaffected_sample=
propagation fallback: rustsec_id=RUSTSEC-2017-0008 cve_id=RUSTSEC-2017-0008 pkg=serial reason=no_patched_using_latest_version latest_version=0.4.0 latest_time=2017-07-02 01:26:07.970417 UTC patched_versions_count=0 unaffected_versions_count=0 patched_sample= unaffected_sample=
propagation fallback: rustsec_id=RUSTSEC-2018-0014 cve_id=RUSTSEC-2018-0014 pkg=chan reason=no_patched_using_latest_version latest_version=0.1.23 latest_time=2018-08-01 00:23:38.154453 UTC patched_versions_count=0 unaffected_versions_count=1 patched_sample= unaffected_sample=> 0.1.23
propagation fallback: rustsec_id=RUSTSEC-2018-0015 cve_id=RUSTSEC-2018-0015 pkg=term reason=no_patched_using_latest_version latest_version=1.2.1 latest_time=2025-12-06 16:40:14.525516 UTC patched_versions_count=0 unaffected_versions_count=1 patched_sample= unaffected_sample=> 0.6.1
propagation fallback: rustsec_id=RUSTSEC-2018-0016 cve_id=RUSTSEC-2018-0016 pkg=quickersort reason=no_patched_using_latest_version latest_version=3.0.1 latest_time=2018-01-30 18:42:53.191635 UTC patched_versions_count=0 unaffected_versions_count=1 patched_sample= unaffected_sample=> 3.0.1
propagation fallback: rustsec_id=RUSTSEC-2018-0017 cve_id=RUSTSEC-2018-0017 pkg=tempdir reason=no_patched_using_latest_version latest_version=0.3.7 latest_time=2018-03-21 07:46:03.078845 UTC patched_versions_count=0 unaffected_versions_count=0 patched_sample= unaffected_sample=
propagation fallback: rustsec_id=RUSTSEC-2019-0005 cve_id=CVE-2019-15546 pkg=pancurses reason=no_patched_using_latest_version latest_version=0.17.0 latest_time=2021-09-29 17:40:08.753881 UTC patched_versions_count=0 unaffected_versions_count=0 patched_sample= unaffected_sample=
propagation fallback: rustsec_id=RUSTSEC-2019-0006 cve_id=CVE-2019-15547 pkg=ncurses reason=no_patched_using_latest_version latest_version=6.0.1 latest_time=2024-07-12 17:40:24.069214 UTC patched_versions_count=0 unaffected_versions_count=0 patched_sample= unaffected_sample=
progress: 51/882 advisories, written_rows=2690, skipped=0, elapsed=19.1s
skip: rustsec_id=RUSTSEC-2019-0031 cve_id=RUSTSEC-2019-0031 pkg=spin reason=withdrawn detail=advisory withdrawn
propagation fallback: rustsec_id=RUSTSEC-2019-0032 cve_id=RUSTSEC-2019-0032 pkg=crust reason=no_patched_using_latest_version latest_version=0.32.1 latest_time=2019-06-04 14:33:52.750007 UTC patched_versions_count=0 unaffected_versions_count=1 patched_sample= unaffected_sample=> 0.32.1
propagation fallback: rustsec_id=RUSTSEC-2019-0036 cve_id=CVE-2019-25010 pkg=failure reason=no_patched_using_latest_version latest_version=0.1.8 latest_time=2020-05-02 18:13:11.746367 UTC patched_versions_count=0 unaffected_versions_count=0 patched_sample= unaffected_sample=
propagation fallback: rustsec_id=RUSTSEC-2019-0039 cve_id=RUSTSEC-2019-0039 pkg=typemap reason=no_patched_using_latest_version latest_version=0.3.3 latest_time=2015-06-12 23:38:39.547618 UTC patched_versions_count=0 unaffected_versions_count=0 patched_sample= unaffected_sample=
propagation fallback: rustsec_id=RUSTSEC-2019-0040 cve_id=RUSTSEC-2019-0040 pkg=boxfnonce reason=no_patched_using_latest_version latest_version=0.1.1 latest_time=2019-02-02 11:08:54.189214 UTC patched_versions_count=0 unaffected_versions_count=0 patched_sample= unaffected_sample=
propagation fallback: rustsec_id=RUSTSEC-2020-0003 cve_id=RUSTSEC-2020-0003 pkg=rust_sodium reason=no_patched_using_latest_version latest_version=0.10.2 latest_time=2019-01-28 16:54:02.231713 UTC patched_versions_count=0 unaffected_versions_count=1 patched_sample= unaffected_sample=> 0.10.2
propagation fallback: rustsec_id=RUSTSEC-2020-0005 cve_id=CVE-2020-35860 pkg=cbox reason=no_patched_using_latest_version latest_version=0.3.0 latest_time=2016-03-12 16:00:56.105160 UTC patched_versions_count=0 unaffected_versions_count=0 patched_sample= unaffected_sample=
propagation fallback: rustsec_id=RUSTSEC-2020-0010 cve_id=RUSTSEC-2020-0010 pkg=tiberius reason=no_patched_using_latest_version latest_version=0.12.3 latest_time=2024-07-19 10:27:38.305294 UTC patched_versions_count=0 unaffected_versions_count=1 patched_sample= unaffected_sample=> 0.3.2
propagation fallback: rustsec_id=RUSTSEC-2020-0011 cve_id=RUSTSEC-2020-0011 pkg=plutonium reason=no_patched_using_latest_version latest_version=0.5.2 latest_time=2020-08-28 15:12:26.825907 UTC patched_versions_count=0 unaffected_versions_count=0 patched_sample= unaffected_sample=
propagation fallback: rustsec_id=RUSTSEC-2020-0013 cve_id=RUSTSEC-2020-0013 pkg=fake-static reason=no_patched_using_latest_version latest_version=0.1.0 latest_time=2019-07-27 11:28:34.106945 UTC patched_versions_count=0 unaffected_versions_count=0 patched_sample= unaffected_sample=
propagation fallback: rustsec_id=RUSTSEC-2020-0015 cve_id=CVE-2020-1967 pkg=openssl-src reason=no_patched_using_latest_version latest_version=300.5.4+3.5.4 latest_time=2025-10-20 21:45:42.890625 UTC patched_versions_count=1 unaffected_versions_count=1 patched_sample=>= 111.9 unaffected_sample=< 111.6
propagation fallback: rustsec_id=RUSTSEC-2020-0016 cve_id=RUSTSEC-2020-0016 pkg=net2 reason=no_patched_using_latest_version latest_version=0.2.39 latest_time=2023-06-14 18:02:31.313490 UTC patched_versions_count=0 unaffected_versions_count=0 patched_sample= unaffected_sample=
propagation fallback: rustsec_id=RUSTSEC-2020-0018 cve_id=RUSTSEC-2020-0018 pkg=block-cipher-trait reason=no_patched_using_latest_version latest_version=0.99.0 latest_time=2021-08-25 14:27:00.354249 UTC patched_versions_count=0 unaffected_versions_count=0 patched_sample= unaffected_sample=
propagation fallback: rustsec_id=RUSTSEC-2020-0020 cve_id=RUSTSEC-2020-0020 pkg=stb_truetype reason=no_patched_using_latest_version latest_version=0.3.1 latest_time=2019-11-23 13:39:54.159461 UTC patched_versions_count=0 unaffected_versions_count=0 patched_sample= unaffected_sample=
propagation fallback: rustsec_id=RUSTSEC-2020-0021 cve_id=CVE-2020-35876 pkg=rio reason=no_patched_using_latest_version latest_version=0.9.4 latest_time=2020-08-21 09:39:56.646854 UTC patched_versions_count=0 unaffected_versions_count=0 patched_sample= unaffected_sample=
propagation fallback: rustsec_id=RUSTSEC-2020-0022 cve_id=CVE-2020-35877 pkg=ozone reason=no_patched_using_latest_version latest_version=0.1.0 latest_time=2017-09-22 12:01:43.475434 UTC patched_versions_count=0 unaffected_versions_count=0 patched_sample= unaffected_sample=
propagation fallback: rustsec_id=RUSTSEC-2020-0023 cve_id=CVE-2020-35879 pkg=rulinalg reason=no_patched_using_latest_version latest_version=0.4.2 latest_time=2017-02-17 20:35:45.526634 UTC patched_versions_count=0 unaffected_versions_count=1 patched_sample= unaffected_sample=< 0.4.0
propagation fallback: rustsec_id=RUSTSEC-2020-0025 cve_id=CVE-2020-35880 pkg=bigint reason=no_patched_using_latest_version latest_version=4.4.3 latest_time=2020-05-07 13:12:46.043155 UTC patched_versions_count=0 unaffected_versions_count=0 patched_sample= unaffected_sample=
propagation fallback: rustsec_id=RUSTSEC-2020-0027 cve_id=CVE-2020-35881 pkg=traitobject reason=no_patched_using_latest_version latest_version=0.1.1 latest_time=2025-02-13 09:47:18.773006 UTC patched_versions_count=0 unaffected_versions_count=0 patched_sample= unaffected_sample=
propagation fallback: rustsec_id=RUSTSEC-2020-0032 cve_id=CVE-2020-35885 pkg=alpm-rs reason=no_patched_using_latest_version latest_version=0.1.24 latest_time=2019-02-27 22:49:06.925953 UTC patched_versions_count=0 unaffected_versions_count=0 patched_sample= unaffected_sample=
propagation fallback: rustsec_id=RUSTSEC-2020-0033 cve_id=CVE-2020-36432 pkg=alg_ds reason=no_patched_using_latest_version latest_version=0.3.2 latest_time=2025-12-03 06:00:24.273401 UTC patched_versions_count=0 unaffected_versions_count=0 patched_sample= unaffected_sample=
propagation fallback: rustsec_id=RUSTSEC-2020-0034 cve_id=CVE-2020-35886 pkg=arr reason=no_patched_using_latest_version latest_version=0.6.1 latest_time=2020-09-11 03:41:43.184775 UTC patched_versions_count=0 unaffected_versions_count=0 patched_sample= unaffected_sample=
propagation fallback: rustsec_id=RUSTSEC-2020-0035 cve_id=CVE-2020-36433 pkg=chunky reason=no_patched_using_latest_version latest_version=0.3.7 latest_time=2019-07-02 14:18:51.159177 UTC patched_versions_count=0 unaffected_versions_count=0 patched_sample= unaffected_sample=
propagation fallback: rustsec_id=RUSTSEC-2020-0036 cve_id=CVE-2019-25010 pkg=failure reason=no_patched_using_latest_version latest_version=0.1.8 latest_time=2020-05-02 18:13:11.746367 UTC patched_versions_count=0 unaffected_versions_count=0 patched_sample= unaffected_sample=
propagation fallback: rustsec_id=RUSTSEC-2020-0037 cve_id=CVE-2020-35889 pkg=crayon reason=no_patched_using_latest_version latest_version=0.7.1 latest_time=2018-12-14 02:09:39.437591 UTC patched_versions_count=0 unaffected_versions_count=0 patched_sample= unaffected_sample=
propagation fallback: rustsec_id=RUSTSEC-2020-0038 cve_id=CVE-2020-35890 pkg=ordnung reason=no_patched_using_latest_version latest_version=0.0.1 latest_time=2020-04-20 21:25:50.943953 UTC patched_versions_count=0 unaffected_versions_count=0 patched_sample= unaffected_sample=
propagation fallback: rustsec_id=RUSTSEC-2020-0043 cve_id=CVE-2020-35896 pkg=ws reason=no_patched_using_latest_version latest_version=0.9.2 latest_time=2022-02-15 17:36:16.932278 UTC patched_versions_count=0 unaffected_versions_count=0 patched_sample= unaffected_sample=
progress: 120/882 advisories, written_rows=3928, skipped=1, elapsed=24.1s
propagation fallback: rustsec_id=RUSTSEC-2020-0047 cve_id=CVE-2020-35900 pkg=array-queue reason=no_patched_using_latest_version latest_version=0.4.3 latest_time=2025-09-20 04:36:42.546181 UTC patched_versions_count=0 unaffected_versions_count=1 patched_sample= unaffected_sample=< 0.3.0
propagation fallback: rustsec_id=RUSTSEC-2020-0051 cve_id=RUSTSEC-2020-0051 pkg=rustsec reason=no_patched_using_latest_version latest_version=0.31.0 latest_time=2025-11-07 21:03:24.094541 UTC patched_versions_count=0 unaffected_versions_count=1 patched_sample= unaffected_sample=>= 0.19.0
skip: rustsec_id=RUSTSEC-2020-0053 cve_id=RUSTSEC-2020-0053 pkg=dirs reason=withdrawn detail=advisory withdrawn
skip: rustsec_id=RUSTSEC-2020-0054 cve_id=RUSTSEC-2020-0054 pkg=directories reason=withdrawn detail=advisory withdrawn
skip: rustsec_id=RUSTSEC-2020-0055 cve_id=RUSTSEC-2020-0055 pkg=libpulse-binding reason=withdrawn detail=advisory withdrawn
propagation fallback: rustsec_id=RUSTSEC-2020-0056 cve_id=RUSTSEC-2020-0056 pkg=stdweb reason=no_patched_using_latest_version latest_version=0.4.20 latest_time=2019-10-10 19:27:40.574687 UTC patched_versions_count=0 unaffected_versions_count=1 patched_sample= unaffected_sample=> 0.4.20
propagation fallback: rustsec_id=RUSTSEC-2020-0057 cve_id=RUSTSEC-2020-0057 pkg=block-cipher reason=no_patched_using_latest_version latest_version=0.99.99 latest_time=2020-10-25 19:16:07.095637 UTC patched_versions_count=0 unaffected_versions_count=0 patched_sample= unaffected_sample=
propagation fallback: rustsec_id=RUSTSEC-2020-0058 cve_id=RUSTSEC-2020-0058 pkg=stream-cipher reason=no_patched_using_latest_version latest_version=0.99.99 latest_time=2020-10-25 19:16:57.273514 UTC patched_versions_count=0 unaffected_versions_count=0 patched_sample= unaffected_sample=
propagation fallback: rustsec_id=RUSTSEC-2020-0063 cve_id=RUSTSEC-2020-0063 pkg=safe-nd reason=no_patched_using_latest_version latest_version=0.11.7 latest_time=2020-10-22 14:18:09.607994 UTC patched_versions_count=0 unaffected_versions_count=0 patched_sample= unaffected_sample=
propagation fallback: rustsec_id=RUSTSEC-2020-0064 cve_id=RUSTSEC-2020-0064 pkg=ffi_utils reason=no_patched_using_latest_version latest_version=0.17.0 latest_time=2020-07-16 09:03:29.350403 UTC patched_versions_count=0 unaffected_versions_count=0 patched_sample= unaffected_sample=
propagation fallback: rustsec_id=RUSTSEC-2020-0065 cve_id=RUSTSEC-2020-0065 pkg=fake_clock reason=no_patched_using_latest_version latest_version=0.3.1 latest_time=2020-10-22 14:08:44.266357 UTC patched_versions_count=0 unaffected_versions_count=0 patched_sample= unaffected_sample=
propagation fallback: rustsec_id=RUSTSEC-2020-0066 cve_id=RUSTSEC-2020-0066 pkg=safe_bindgen reason=no_patched_using_latest_version latest_version=0.13.3 latest_time=2020-10-22 14:26:33.398322 UTC patched_versions_count=0 unaffected_versions_count=0 patched_sample= unaffected_sample=
propagation fallback: rustsec_id=RUSTSEC-2020-0067 cve_id=RUSTSEC-2020-0067 pkg=quic-p2p reason=no_patched_using_latest_version latest_version=0.7.1 latest_time=2020-10-22 11:04:51.913053 UTC patched_versions_count=0 unaffected_versions_count=0 patched_sample= unaffected_sample=
propagation fallback: rustsec_id=RUSTSEC-2020-0076 cve_id=RUSTSEC-2020-0076 pkg=routing reason=no_patched_using_latest_version latest_version=0.37.1 latest_time=2020-12-01 11:09:09.234046 UTC patched_versions_count=0 unaffected_versions_count=0 patched_sample= unaffected_sample=
propagation fallback: rustsec_id=RUSTSEC-2020-0077 cve_id=RUSTSEC-2020-0077 pkg=memmap reason=no_patched_using_latest_version latest_version=0.7.0 latest_time=2018-09-20 05:11:46.005513 UTC patched_versions_count=0 unaffected_versions_count=1 patched_sample= unaffected_sample=> 0.7.0
propagation fallback: rustsec_id=RUSTSEC-2020-0083 cve_id=RUSTSEC-2020-0083 pkg=safe_app reason=no_patched_using_latest_version latest_version=0.18.1 latest_time=2020-12-07 15:51:39.590500 UTC patched_versions_count=0 unaffected_versions_count=0 patched_sample= unaffected_sample=
propagation fallback: rustsec_id=RUSTSEC-2020-0084 cve_id=RUSTSEC-2020-0084 pkg=safe_authenticator reason=no_patched_using_latest_version latest_version=0.18.1 latest_time=2020-12-07 15:50:55.169248 UTC patched_versions_count=0 unaffected_versions_count=0 patched_sample= unaffected_sample=
propagation fallback: rustsec_id=RUSTSEC-2020-0085 cve_id=RUSTSEC-2020-0085 pkg=safe_vault reason=no_patched_using_latest_version latest_version=0.20.2 latest_time=2020-12-07 16:49:43.870823 UTC patched_versions_count=0 unaffected_versions_count=0 patched_sample= unaffected_sample=
propagation fallback: rustsec_id=RUSTSEC-2020-0086 cve_id=RUSTSEC-2020-0086 pkg=safe_core reason=no_patched_using_latest_version latest_version=0.43.1 latest_time=2020-12-07 15:47:58.141185 UTC patched_versions_count=0 unaffected_versions_count=0 patched_sample= unaffected_sample=
propagation fallback: rustsec_id=RUSTSEC-2020-0090 cve_id=CVE-2020-35927 pkg=thex reason=no_patched_using_latest_version latest_version=0.1.0 latest_time=2017-12-12 03:33:47.130231 UTC patched_versions_count=0 unaffected_versions_count=0 patched_sample= unaffected_sample=
propagation fallback: rustsec_id=RUSTSEC-2020-0095 cve_id=RUSTSEC-2020-0095 pkg=difference reason=no_patched_using_latest_version latest_version=2.0.0 latest_time=2018-01-23 17:31:55.462599 UTC patched_versions_count=0 unaffected_versions_count=0 patched_sample= unaffected_sample=
propagation fallback: rustsec_id=RUSTSEC-2020-0097 cve_id=CVE-2020-36205 pkg=xcb reason=no_patched_using_latest_version latest_version=1.6.0 latest_time=2025-08-15 08:02:22.084565 UTC patched_versions_count=1 unaffected_versions_count=0 patched_sample=>= 1.0 unaffected_sample=
propagation fallback: rustsec_id=RUSTSEC-2020-0099 cve_id=CVE-2020-36207 pkg=aovec reason=no_patched_using_latest_version latest_version=1.1.0 latest_time=2017-09-26 20:09:51.905536 UTC patched_versions_count=0 unaffected_versions_count=0 patched_sample= unaffected_sample=
propagation fallback: rustsec_id=RUSTSEC-2020-0109 cve_id=RUSTSEC-2020-0109 pkg=stderr reason=no_patched_using_latest_version latest_version=0.8.0 latest_time=2017-08-09 13:57:39.926512 UTC patched_versions_count=0 unaffected_versions_count=0 patched_sample= unaffected_sample=
propagation fallback: rustsec_id=RUSTSEC-2020-0113 cve_id=CVE-2020-36219 pkg=atomic-option reason=no_patched_using_latest_version latest_version=0.1.2 latest_time=2016-04-18 08:03:54.756468 UTC patched_versions_count=0 unaffected_versions_count=0 patched_sample= unaffected_sample=
propagation fallback: rustsec_id=RUSTSEC-2020-0124 cve_id=CVE-2020-36444 pkg=async-coap reason=no_patched_using_latest_version latest_version=0.1.0 latest_time=2019-08-21 20:29:14.059272 UTC patched_versions_count=0 unaffected_versions_count=0 patched_sample= unaffected_sample=
propagation fallback: rustsec_id=RUSTSEC-2020-0125 cve_id=CVE-2020-36445 pkg=convec reason=no_patched_using_latest_version latest_version=2.0.1 latest_time=2017-10-12 14:38:23.341729 UTC patched_versions_count=0 unaffected_versions_count=0 patched_sample= unaffected_sample=
propagation fallback: rustsec_id=RUSTSEC-2020-0126 cve_id=CVE-2020-36446 pkg=signal-simple reason=no_patched_using_latest_version latest_version=0.1.1 latest_time=2019-11-06 07:09:29.105248 UTC patched_versions_count=0 unaffected_versions_count=0 patched_sample= unaffected_sample=
propagation fallback: rustsec_id=RUSTSEC-2020-0128 cve_id=CVE-2020-36448 pkg=cache reason=no_patched_using_latest_version latest_version=0.2.0 latest_time=2018-08-19 21:40:35.652404 UTC patched_versions_count=0 unaffected_versions_count=0 patched_sample= unaffected_sample=
propagation fallback: rustsec_id=RUSTSEC-2020-0130 cve_id=CVE-2020-36450 pkg=bunch reason=no_patched_using_latest_version latest_version=0.1.0 latest_time=2019-07-02 15:31:46.134759 UTC patched_versions_count=0 unaffected_versions_count=0 patched_sample= unaffected_sample=
propagation fallback: rustsec_id=RUSTSEC-2020-0131 cve_id=CVE-2020-36451 pkg=rcu_cell reason=no_patched_using_latest_version latest_version=1.2.1 latest_time=2025-05-09 08:18:27.646243 UTC patched_versions_count=0 unaffected_versions_count=0 patched_sample= unaffected_sample=
propagation fallback: rustsec_id=RUSTSEC-2020-0133 cve_id=CVE-2020-36453 pkg=scottqueue reason=no_patched_using_latest_version latest_version=0.1.0 latest_time=2015-12-06 20:55:10.610289 UTC patched_versions_count=0 unaffected_versions_count=0 patched_sample= unaffected_sample=
propagation fallback: rustsec_id=RUSTSEC-2020-0134 cve_id=CVE-2020-36454 pkg=parc reason=no_patched_using_latest_version latest_version=1.0.1 latest_time=2019-11-08 12:06:25.987014 UTC patched_versions_count=0 unaffected_versions_count=0 patched_sample= unaffected_sample=
propagation fallback: rustsec_id=RUSTSEC-2020-0136 cve_id=CVE-2020-36456 pkg=toolshed reason=no_patched_using_latest_version latest_version=0.8.1 latest_time=2019-06-12 09:41:10.748741 UTC patched_versions_count=0 unaffected_versions_count=0 patched_sample= unaffected_sample=
propagation fallback: rustsec_id=RUSTSEC-2020-0138 cve_id=CVE-2020-36458 pkg=lexer reason=no_patched_using_latest_version latest_version=0.1.18 latest_time=2021-08-19 18:07:22.359641 UTC patched_versions_count=0 unaffected_versions_count=0 patched_sample= unaffected_sample=
propagation fallback: rustsec_id=RUSTSEC-2020-0139 cve_id=CVE-2020-36459 pkg=dces reason=no_patched_using_latest_version latest_version=0.3.1 latest_time=2022-03-22 11:06:40.091171 UTC patched_versions_count=0 unaffected_versions_count=0 patched_sample= unaffected_sample=
propagation fallback: rustsec_id=RUSTSEC-2020-0140 cve_id=CVE-2020-36460 pkg=model reason=no_patched_using_latest_version latest_version=0.1.2 latest_time=2019-01-05 11:08:27.757516 UTC patched_versions_count=0 unaffected_versions_count=0 patched_sample= unaffected_sample=
propagation fallback: rustsec_id=RUSTSEC-2020-0141 cve_id=CVE-2020-36461 pkg=noise_search reason=no_patched_using_latest_version latest_version=0.8.0 latest_time=2022-08-15 12:19:13.769188 UTC patched_versions_count=0 unaffected_versions_count=0 patched_sample= unaffected_sample=
propagation fallback: rustsec_id=RUSTSEC-2020-0143 cve_id=CVE-2020-36463 pkg=multiqueue reason=no_patched_using_latest_version latest_version=0.3.2 latest_time=2017-02-18 06:54:40.174986 UTC patched_versions_count=0 unaffected_versions_count=0 patched_sample= unaffected_sample=
propagation fallback: rustsec_id=RUSTSEC-2020-0144 cve_id=RUSTSEC-2020-0144 pkg=lzw reason=no_patched_using_latest_version latest_version=0.10.0 latest_time=2016-02-28 18:58:07.077733 UTC patched_versions_count=0 unaffected_versions_count=1 patched_sample= unaffected_sample=> 0.10.0
propagation fallback: rustsec_id=RUSTSEC-2020-0147 cve_id=RUSTSEC-2020-0147 pkg=rulinalg reason=no_patched_using_latest_version latest_version=0.4.2 latest_time=2017-02-17 20:35:45.526634 UTC patched_versions_count=0 unaffected_versions_count=0 patched_sample= unaffected_sample=
propagation fallback: rustsec_id=RUSTSEC-2020-0148 cve_id=CVE-2020-36466 pkg=cgc reason=no_patched_using_latest_version latest_version=0.4.0 latest_time=2020-04-29 16:49:58.766655 UTC patched_versions_count=0 unaffected_versions_count=0 patched_sample= unaffected_sample=
propagation fallback: rustsec_id=RUSTSEC-2020-0149 cve_id=CVE-2020-36469 pkg=appendix reason=no_patched_using_latest_version latest_version=2.0.0 latest_time=2019-01-18 12:57:28.220870 UTC patched_versions_count=0 unaffected_versions_count=0 patched_sample= unaffected_sample=
propagation fallback: rustsec_id=RUSTSEC-2020-0150 cve_id=CVE-2020-36470 pkg=disrustor reason=no_patched_using_latest_version latest_version=0.4.0 latest_time=2023-06-05 22:16:00.978640 UTC patched_versions_count=1 unaffected_versions_count=0 patched_sample=>= 0.3 unaffected_sample=
propagation fallback: rustsec_id=RUSTSEC-2020-0153 cve_id=CVE-2020-36511 pkg=bite reason=no_patched_using_latest_version latest_version=0.0.5 latest_time=2018-03-25 18:24:56.831579 UTC patched_versions_count=0 unaffected_versions_count=0 patched_sample= unaffected_sample=
propagation fallback: rustsec_id=RUSTSEC-2020-0154 cve_id=CVE-2020-36512 pkg=buffoon reason=no_patched_using_latest_version latest_version=0.5.0 latest_time=2015-12-30 20:17:00.161470 UTC patched_versions_count=0 unaffected_versions_count=0 patched_sample= unaffected_sample=
propagation fallback: rustsec_id=RUSTSEC-2020-0155 cve_id=CVE-2020-36513 pkg=acc_reader reason=no_patched_using_latest_version latest_version=2.0.0 latest_time=2016-02-01 21:10:08.279769 UTC patched_versions_count=0 unaffected_versions_count=0 patched_sample= unaffected_sample=
skip: rustsec_id=RUSTSEC-2020-0156 cve_id=CVE-2019-20399 pkg=libsecp256k1-rs reason=no_fix_times detail=fixed_versions_count=1 fixed_versions_sample=0.3.1 db_versions_count=5
propagation fallback: rustsec_id=RUSTSEC-2020-0158 cve_id=RUSTSEC-2020-0158 pkg=slice-deque reason=no_patched_using_latest_version latest_version=0.3.0 latest_time=2019-10-11 08:32:04.142615 UTC patched_versions_count=0 unaffected_versions_count=0 patched_sample= unaffected_sample=
propagation fallback: rustsec_id=RUSTSEC-2020-0162 cve_id=RUSTSEC-2020-0162 pkg=tokio-proto reason=no_patched_using_latest_version latest_version=0.1.1 latest_time=2017-03-15 17:54:39.540965 UTC patched_versions_count=0 unaffected_versions_count=0 patched_sample= unaffected_sample=
propagation fallback: rustsec_id=RUSTSEC-2020-0163 cve_id=RUSTSEC-2020-0163 pkg=term_size reason=no_patched_using_latest_version latest_version=1.0.0-beta1 latest_time=2017-12-08 21:19:27.174469 UTC patched_versions_count=0 unaffected_versions_count=0 patched_sample= unaffected_sample=
propagation fallback: rustsec_id=RUSTSEC-2020-0168 cve_id=RUSTSEC-2020-0168 pkg=mach reason=no_patched_using_latest_version latest_version=0.3.2 latest_time=2019-06-01 11:04:57.829203 UTC patched_versions_count=0 unaffected_versions_count=0 patched_sample= unaffected_sample=
propagation fallback: rustsec_id=RUSTSEC-2020-0169 cve_id=RUSTSEC-2020-0169 pkg=multi_mut reason=no_patched_using_latest_version latest_version=0.1.3 latest_time=2017-01-17 04:01:25.015012 UTC patched_versions_count=0 unaffected_versions_count=0 patched_sample= unaffected_sample=
propagation fallback: rustsec_id=RUSTSEC-2021-0002 cve_id=RUSTSEC-2021-0002 pkg=interfaces2 reason=no_patched_using_latest_version latest_version=0.0.5 latest_time=2018-09-13 16:24:44.076746 UTC patched_versions_count=0 unaffected_versions_count=0 patched_sample= unaffected_sample=
progress: 248/882 advisories, written_rows=6609, skipped=5, elapsed=29.2s
propagation fallback: rustsec_id=RUSTSEC-2021-0006 cve_id=CVE-2021-25903 pkg=cache reason=no_patched_using_latest_version latest_version=0.2.0 latest_time=2018-08-19 21:40:35.652404 UTC patched_versions_count=0 unaffected_versions_count=0 patched_sample= unaffected_sample=
propagation fallback: rustsec_id=RUSTSEC-2021-0011 cve_id=CVE-2021-25908 pkg=fil-ocl reason=no_patched_using_latest_version latest_version=0.19.6 latest_time=2021-02-24 09:57:05.082235 UTC patched_versions_count=0 unaffected_versions_count=1 patched_sample= unaffected_sample=< 0.12.0
propagation fallback: rustsec_id=RUSTSEC-2021-0019 cve_id=CVE-2021-26955 pkg=xcb reason=no_patched_using_latest_version latest_version=1.6.0 latest_time=2025-08-15 08:02:22.084565 UTC patched_versions_count=1 unaffected_versions_count=0 patched_sample=>= 1.0 unaffected_sample=
propagation fallback: rustsec_id=RUSTSEC-2021-0024 cve_id=RUSTSEC-2021-0024 pkg=safe-api reason=no_patched_using_latest_version latest_version=0.15.1 latest_time=2021-02-16 09:58:19.532432 UTC patched_versions_count=0 unaffected_versions_count=0 patched_sample= unaffected_sample=
propagation fallback: rustsec_id=RUSTSEC-2021-0025 cve_id=RUSTSEC-2021-0025 pkg=jsonrpc-quic reason=no_patched_using_latest_version latest_version=0.0.9 latest_time=2021-02-16 09:49:50.052935 UTC patched_versions_count=0 unaffected_versions_count=0 patched_sample= unaffected_sample=
propagation fallback: rustsec_id=RUSTSEC-2021-0034 cve_id=RUSTSEC-2021-0034 pkg=office reason=no_patched_using_latest_version latest_version=0.8.2 latest_time=2016-11-09 05:26:37.254790 UTC patched_versions_count=0 unaffected_versions_count=0 patched_sample= unaffected_sample=
propagation fallback: rustsec_id=RUSTSEC-2021-0039 cve_id=CVE-2021-29929 pkg=endian_trait reason=no_patched_using_latest_version latest_version=0.6.0 latest_time=2018-06-25 20:41:51.304935 UTC patched_versions_count=0 unaffected_versions_count=0 patched_sample= unaffected_sample=
propagation fallback: rustsec_id=RUSTSEC-2021-0040 cve_id=CVE-2021-29930 pkg=arenavec reason=no_patched_using_latest_version latest_version=0.1.1 latest_time=2019-07-31 20:39:27.544786 UTC patched_versions_count=0 unaffected_versions_count=0 patched_sample= unaffected_sample=
propagation fallback: rustsec_id=RUSTSEC-2021-0041 cve_id=CVE-2021-29932 pkg=parse_duration reason=no_patched_using_latest_version latest_version=2.1.1 latest_time=2021-03-25 04:51:45.223082 UTC patched_versions_count=0 unaffected_versions_count=0 patched_sample= unaffected_sample=
propagation fallback: rustsec_id=RUSTSEC-2021-0042 cve_id=CVE-2021-29933 pkg=insert_many reason=no_patched_using_latest_version latest_version=0.1.1 latest_time=2016-08-23 21:58:50.263471 UTC patched_versions_count=0 unaffected_versions_count=0 patched_sample= unaffected_sample=
propagation fallback: rustsec_id=RUSTSEC-2021-0045 cve_id=CVE-2021-29936 pkg=adtensor reason=no_patched_using_latest_version latest_version=0.0.3 latest_time=2019-04-08 03:43:06.683431 UTC patched_versions_count=0 unaffected_versions_count=0 patched_sample= unaffected_sample=
propagation fallback: rustsec_id=RUSTSEC-2021-0046 cve_id=CVE-2021-29937 pkg=telemetry reason=no_patched_using_latest_version latest_version=0.1.3 latest_time=2021-03-29 08:46:47.943873 UTC patched_versions_count=0 unaffected_versions_count=0 patched_sample= unaffected_sample=
propagation fallback: rustsec_id=RUSTSEC-2021-0047 cve_id=CVE-2021-29938 pkg=slice-deque reason=no_patched_using_latest_version latest_version=0.3.0 latest_time=2019-10-11 08:32:04.142615 UTC patched_versions_count=0 unaffected_versions_count=0 patched_sample= unaffected_sample=
propagation fallback: rustsec_id=RUSTSEC-2021-0049 cve_id=CVE-2021-29940 pkg=through reason=no_patched_using_latest_version latest_version=0.1.0 latest_time=2018-11-16 03:19:06.664268 UTC patched_versions_count=0 unaffected_versions_count=0 patched_sample= unaffected_sample=
propagation fallback: rustsec_id=RUSTSEC-2021-0052 cve_id=CVE-2021-30455 pkg=id-map reason=no_patched_using_latest_version latest_version=0.2.2 latest_time=2025-08-14 20:16:50.908792 UTC patched_versions_count=0 unaffected_versions_count=0 patched_sample= unaffected_sample=
propagation fallback: rustsec_id=RUSTSEC-2021-0053 cve_id=CVE-2021-31996 pkg=algorithmica reason=no_patched_using_latest_version latest_version=0.1.10 latest_time=2023-12-31 05:52:39.523151 UTC patched_versions_count=0 unaffected_versions_count=0 patched_sample= unaffected_sample=
propagation fallback: rustsec_id=RUSTSEC-2021-0055 cve_id=CVE-2021-3449 pkg=openssl-src reason=no_patched_using_latest_version latest_version=300.5.4+3.5.4 latest_time=2025-10-20 21:45:42.890625 UTC patched_versions_count=1 unaffected_versions_count=0 patched_sample=>= 111.15 unaffected_sample=
propagation fallback: rustsec_id=RUSTSEC-2021-0056 cve_id=CVE-2021-3450 pkg=openssl-src reason=no_patched_using_latest_version latest_version=300.5.4+3.5.4 latest_time=2025-10-20 21:45:42.890625 UTC patched_versions_count=1 unaffected_versions_count=1 patched_sample=>= 111.15 unaffected_sample=< 111.11
propagation fallback: rustsec_id=RUSTSEC-2021-0057 cve_id=CVE-2021-23840 pkg=openssl-src reason=no_patched_using_latest_version latest_version=300.5.4+3.5.4 latest_time=2025-10-20 21:45:42.890625 UTC patched_versions_count=1 unaffected_versions_count=0 patched_sample=>= 111.14 unaffected_sample=
propagation fallback: rustsec_id=RUSTSEC-2021-0058 cve_id=CVE-2021-23841 pkg=openssl-src reason=no_patched_using_latest_version latest_version=300.5.4+3.5.4 latest_time=2025-10-20 21:45:42.890625 UTC patched_versions_count=1 unaffected_versions_count=0 patched_sample=>= 111.14 unaffected_sample=
propagation fallback: rustsec_id=RUSTSEC-2021-0059 cve_id=RUSTSEC-2021-0059 pkg=aesni reason=no_patched_using_latest_version latest_version=0.99.99 latest_time=2021-05-03 18:43:01.338490 UTC patched_versions_count=0 unaffected_versions_count=0 patched_sample= unaffected_sample=
propagation fallback: rustsec_id=RUSTSEC-2021-0060 cve_id=RUSTSEC-2021-0060 pkg=aes-soft reason=no_patched_using_latest_version latest_version=0.99.99 latest_time=2021-05-03 18:44:22.356330 UTC patched_versions_count=0 unaffected_versions_count=0 patched_sample= unaffected_sample=
propagation fallback: rustsec_id=RUSTSEC-2021-0061 cve_id=RUSTSEC-2021-0061 pkg=aes-ctr reason=no_patched_using_latest_version latest_version=0.99.99 latest_time=2021-05-03 18:46:01.752833 UTC patched_versions_count=0 unaffected_versions_count=0 patched_sample= unaffected_sample=
propagation fallback: rustsec_id=RUSTSEC-2021-0062 cve_id=RUSTSEC-2021-0062 pkg=miscreant reason=no_patched_using_latest_version latest_version=0.99.0 latest_time=2021-08-25 14:03:15.186847 UTC patched_versions_count=0 unaffected_versions_count=0 patched_sample= unaffected_sample=
propagation fallback: rustsec_id=RUSTSEC-2021-0064 cve_id=RUSTSEC-2021-0064 pkg=cpuid-bool reason=no_patched_using_latest_version latest_version=0.99.99 latest_time=2021-05-06 23:32:28.057308 UTC patched_versions_count=0 unaffected_versions_count=0 patched_sample= unaffected_sample=
propagation fallback: rustsec_id=RUSTSEC-2021-0065 cve_id=CVE-2021-38187 pkg=anymap reason=no_patched_using_latest_version latest_version=1.0.0-beta.2 latest_time=2022-02-22 02:55:07.137874 UTC patched_versions_count=0 unaffected_versions_count=0 patched_sample= unaffected_sample=
propagation fallback: rustsec_id=RUSTSEC-2021-0077 cve_id=CVE-2021-38196 pkg=better-macro reason=no_patched_using_latest_version latest_version=1.0.4 latest_time=2021-01-16 19:19:35.986376 UTC patched_versions_count=0 unaffected_versions_count=0 patched_sample= unaffected_sample=
skip: rustsec_id=RUSTSEC-2021-0082 cve_id=CVE-2021-45680 pkg=vec-const reason=no_fix_times detail=fixed_versions_count=1 fixed_versions_sample=2.0.0 db_versions_count=0
fixed_version fallback: rustsec_id=RUSTSEC-2021-0083 cve_id=CVE-2021-45681 pkg=derive-com-impl reason=patched_req_first_published fixed_versions_sample=0.2.0
propagation fallback: rustsec_id=RUSTSEC-2021-0084 cve_id=CVE-2021-45682 pkg=bronzedb-protocol reason=no_patched_using_latest_version latest_version=0.1.0 latest_time=2019-05-30 03:54:10.563303 UTC patched_versions_count=0 unaffected_versions_count=0 patched_sample= unaffected_sample=
propagation fallback: rustsec_id=RUSTSEC-2021-0085 cve_id=CVE-2021-45683 pkg=binjs_io reason=no_patched_using_latest_version latest_version=0.2.1 latest_time=2018-11-22 13:41:44.808514 UTC patched_versions_count=0 unaffected_versions_count=0 patched_sample= unaffected_sample=
propagation fallback: rustsec_id=RUSTSEC-2021-0091 cve_id=CVE-2021-45689 pkg=gfx-auxil reason=no_patched_using_latest_version latest_version=0.10.0 latest_time=2021-06-19 04:56:51.104052 UTC patched_versions_count=0 unaffected_versions_count=0 patched_sample= unaffected_sample=
propagation fallback: rustsec_id=RUSTSEC-2021-0092 cve_id=CVE-2021-45690 pkg=messagepack-rs reason=no_patched_using_latest_version latest_version=0.8.1 latest_time=2021-11-25 11:08:36.701580 UTC patched_versions_count=0 unaffected_versions_count=0 patched_sample= unaffected_sample=
propagation fallback: rustsec_id=RUSTSEC-2021-0094 cve_id=CVE-2021-45694 pkg=rdiff reason=no_patched_using_latest_version latest_version=0.1.2 latest_time=2016-09-07 23:30:45.555440 UTC patched_versions_count=0 unaffected_versions_count=0 patched_sample= unaffected_sample=
propagation fallback: rustsec_id=RUSTSEC-2021-0095 cve_id=CVE-2021-45695 pkg=mopa reason=no_patched_using_latest_version latest_version=0.2.2 latest_time=2016-04-05 05:44:02.436451 UTC patched_versions_count=0 unaffected_versions_count=0 patched_sample= unaffected_sample=
propagation fallback: rustsec_id=RUSTSEC-2021-0096 cve_id=RUSTSEC-2021-0096 pkg=spirv_headers reason=no_patched_using_latest_version latest_version=1.5.1 latest_time=2021-05-05 20:37:45.343083 UTC patched_versions_count=0 unaffected_versions_count=0 patched_sample= unaffected_sample=
propagation fallback: rustsec_id=RUSTSEC-2021-0097 cve_id=CVE-2021-3711 pkg=openssl-src reason=no_patched_using_latest_version latest_version=300.5.4+3.5.4 latest_time=2025-10-20 21:45:42.890625 UTC patched_versions_count=1 unaffected_versions_count=0 patched_sample=>= 111.16 unaffected_sample=
propagation fallback: rustsec_id=RUSTSEC-2021-0098 cve_id=CVE-2021-3712 pkg=openssl-src reason=no_patched_using_latest_version latest_version=300.5.4+3.5.4 latest_time=2025-10-20 21:45:42.890625 UTC patched_versions_count=1 unaffected_versions_count=0 patched_sample=>= 111.16 unaffected_sample=
propagation fallback: rustsec_id=RUSTSEC-2021-0099 cve_id=RUSTSEC-2021-0099 pkg=cosmos_sdk reason=no_patched_using_latest_version latest_version=0.99.0 latest_time=2021-08-25 13:28:37.295367 UTC patched_versions_count=0 unaffected_versions_count=0 patched_sample= unaffected_sample=
progress: 345/882 advisories, written_rows=12064, skipped=6, elapsed=34.6s
propagation fallback: rustsec_id=RUSTSEC-2021-0101 cve_id=CVE-2021-31155 pkg=pleaser reason=no_patched_using_latest_version latest_version=0.5.6 latest_time=2024-09-06 19:24:23.828301 UTC patched_versions_count=1 unaffected_versions_count=0 patched_sample=>= 0.4 unaffected_sample=
propagation fallback: rustsec_id=RUSTSEC-2021-0102 cve_id=CVE-2021-31154 pkg=pleaser reason=no_patched_using_latest_version latest_version=0.5.6 latest_time=2024-09-06 19:24:23.828301 UTC patched_versions_count=1 unaffected_versions_count=0 patched_sample=>= 0.4 unaffected_sample=
propagation fallback: rustsec_id=RUSTSEC-2021-0104 cve_id=CVE-2021-31153 pkg=pleaser reason=no_patched_using_latest_version latest_version=0.5.6 latest_time=2024-09-06 19:24:23.828301 UTC patched_versions_count=1 unaffected_versions_count=0 patched_sample=>= 0.4 unaffected_sample=
propagation fallback: rustsec_id=RUSTSEC-2021-0120 cve_id=CVE-2021-45708 pkg=abomonation reason=no_patched_using_latest_version latest_version=0.7.3 latest_time=2019-07-11 13:00:14.563293 UTC patched_versions_count=0 unaffected_versions_count=0 patched_sample= unaffected_sample=
propagation fallback: rustsec_id=RUSTSEC-2021-0121 cve_id=CVE-2021-45709 pkg=crypto2 reason=no_patched_using_latest_version latest_version=0.1.2 latest_time=2021-04-17 06:41:44.393361 UTC patched_versions_count=0 unaffected_versions_count=0 patched_sample= unaffected_sample=
propagation fallback: rustsec_id=RUSTSEC-2021-0127 cve_id=RUSTSEC-2021-0127 pkg=serde_cbor reason=no_patched_using_latest_version latest_version=0.11.2 latest_time=2021-08-15 14:08:47.328110 UTC patched_versions_count=0 unaffected_versions_count=0 patched_sample= unaffected_sample=
propagation fallback: rustsec_id=RUSTSEC-2021-0131 cve_id=CVE-2020-8927 pkg=brotli-sys reason=no_patched_using_latest_version latest_version=0.3.2 latest_time=2017-09-19 18:17:29.521413 UTC patched_versions_count=0 unaffected_versions_count=0 patched_sample= unaffected_sample=
propagation fallback: rustsec_id=RUSTSEC-2021-0133 cve_id=RUSTSEC-2021-0133 pkg=cargo-download reason=no_patched_using_latest_version latest_version=0.1.2 latest_time=2019-02-13 20:09:37.530045 UTC patched_versions_count=0 unaffected_versions_count=0 patched_sample= unaffected_sample=
propagation fallback: rustsec_id=RUSTSEC-2021-0134 cve_id=RUSTSEC-2021-0134 pkg=rental reason=no_patched_using_latest_version latest_version=0.5.6 latest_time=2021-05-01 23:22:36.642491 UTC patched_versions_count=0 unaffected_versions_count=0 patched_sample= unaffected_sample=
skip: rustsec_id=RUSTSEC-2021-0135 cve_id=RUSTSEC-2021-0135 pkg=tower-http reason=withdrawn detail=advisory withdrawn
propagation fallback: rustsec_id=RUSTSEC-2021-0136 cve_id=RUSTSEC-2021-0136 pkg=sass-rs reason=no_patched_using_latest_version latest_version=0.2.2 latest_time=2019-05-22 12:40:15.143182 UTC patched_versions_count=0 unaffected_versions_count=0 patched_sample= unaffected_sample=
propagation fallback: rustsec_id=RUSTSEC-2021-0137 cve_id=RUSTSEC-2021-0137 pkg=sodiumoxide reason=no_patched_using_latest_version latest_version=0.2.7 latest_time=2021-06-24 08:34:09.003782 UTC patched_versions_count=0 unaffected_versions_count=0 patched_sample= unaffected_sample=
propagation fallback: rustsec_id=RUSTSEC-2021-0139 cve_id=RUSTSEC-2021-0139 pkg=ansi_term reason=no_patched_using_latest_version latest_version=0.12.1 latest_time=2019-09-02 10:16:04.908577 UTC patched_versions_count=0 unaffected_versions_count=0 patched_sample= unaffected_sample=
propagation fallback: rustsec_id=RUSTSEC-2021-0140 cve_id=RUSTSEC-2021-0140 pkg=rusttype reason=no_patched_using_latest_version latest_version=0.9.3 latest_time=2022-11-02 15:25:50.237708 UTC patched_versions_count=0 unaffected_versions_count=0 patched_sample= unaffected_sample=
propagation fallback: rustsec_id=RUSTSEC-2021-0141 cve_id=RUSTSEC-2021-0141 pkg=dotenv reason=no_patched_using_latest_version latest_version=0.15.0 latest_time=2019-10-21 16:51:12.672006 UTC patched_versions_count=0 unaffected_versions_count=0 patched_sample= unaffected_sample=
propagation fallback: rustsec_id=RUSTSEC-2021-0142 cve_id=RUSTSEC-2021-0142 pkg=dotenv_codegen reason=no_patched_using_latest_version latest_version=0.15.0 latest_time=2019-10-21 16:52:46.404581 UTC patched_versions_count=0 unaffected_versions_count=0 patched_sample= unaffected_sample=
propagation fallback: rustsec_id=RUSTSEC-2021-0144 cve_id=RUSTSEC-2021-0144 pkg=traitobject reason=no_patched_using_latest_version latest_version=0.1.1 latest_time=2025-02-13 09:47:18.773006 UTC patched_versions_count=0 unaffected_versions_count=0 patched_sample= unaffected_sample=
propagation fallback: rustsec_id=RUSTSEC-2021-0145 cve_id=RUSTSEC-2021-0145 pkg=atty reason=no_patched_using_latest_version latest_version=0.2.14 latest_time=2020-01-05 22:19:33.123499 UTC patched_versions_count=0 unaffected_versions_count=0 patched_sample= unaffected_sample=
propagation fallback: rustsec_id=RUSTSEC-2021-0146 cve_id=RUSTSEC-2021-0146 pkg=twoway reason=no_patched_using_latest_version latest_version=0.2.2 latest_time=2021-05-19 22:06:38.467348 UTC patched_versions_count=0 unaffected_versions_count=0 patched_sample= unaffected_sample=
skip: rustsec_id=RUSTSEC-2021-0147 cve_id=RUSTSEC-2021-0147 pkg=daemonize reason=withdrawn detail=advisory withdrawn
propagation fallback: rustsec_id=RUSTSEC-2021-0148 cve_id=RUSTSEC-2021-0148 pkg=nphysics3d reason=no_patched_using_latest_version latest_version=0.24.0 latest_time=2021-08-08 16:19:55.765452 UTC patched_versions_count=0 unaffected_versions_count=0 patched_sample= unaffected_sample=
propagation fallback: rustsec_id=RUSTSEC-2021-0149 cve_id=RUSTSEC-2021-0149 pkg=nphysics2d reason=no_patched_using_latest_version latest_version=0.24.0 latest_time=2021-08-08 16:19:27.047553 UTC patched_versions_count=0 unaffected_versions_count=0 patched_sample= unaffected_sample=
propagation fallback: rustsec_id=RUSTSEC-2021-0150 cve_id=RUSTSEC-2021-0150 pkg=ncollide3d reason=no_patched_using_latest_version latest_version=0.33.0 latest_time=2022-03-18 07:57:00.844880 UTC patched_versions_count=0 unaffected_versions_count=0 patched_sample= unaffected_sample=
propagation fallback: rustsec_id=RUSTSEC-2021-0151 cve_id=RUSTSEC-2021-0151 pkg=ncollide2d reason=no_patched_using_latest_version latest_version=0.33.0 latest_time=2022-03-18 07:56:42.233123 UTC patched_versions_count=0 unaffected_versions_count=0 patched_sample= unaffected_sample=
propagation fallback: rustsec_id=RUSTSEC-2021-0153 cve_id=RUSTSEC-2021-0153 pkg=encoding reason=no_patched_using_latest_version latest_version=0.2.33 latest_time=2016-08-28 16:54:28.588718 UTC patched_versions_count=0 unaffected_versions_count=0 patched_sample= unaffected_sample=
propagation fallback: rustsec_id=RUSTSEC-2021-0155 cve_id=CVE-2021-43790 pkg=lucet-runtime reason=no_patched_using_latest_version latest_version=0.6.1 latest_time=2020-02-18 21:12:03.077676 UTC patched_versions_count=0 unaffected_versions_count=0 patched_sample= unaffected_sample=
propagation fallback: rustsec_id=RUSTSEC-2022-0001 cve_id=RUSTSEC-2022-0001 pkg=lmdb reason=no_patched_using_latest_version latest_version=0.8.0 latest_time=2018-03-03 18:42:08.346009 UTC patched_versions_count=0 unaffected_versions_count=0 patched_sample= unaffected_sample=
propagation fallback: rustsec_id=RUSTSEC-2022-0004 cve_id=RUSTSEC-2022-0004 pkg=rustc-serialize reason=no_patched_using_latest_version latest_version=0.3.25 latest_time=2023-12-01 09:52:20.384822 UTC patched_versions_count=0 unaffected_versions_count=0 patched_sample= unaffected_sample=
propagation fallback: rustsec_id=RUSTSEC-2022-0005 cve_id=RUSTSEC-2022-0005 pkg=ftd2xx-embedded-hal reason=no_patched_using_latest_version latest_version=0.9.1 latest_time=2021-08-10 18:14:07.391871 UTC patched_versions_count=0 unaffected_versions_count=0 patched_sample= unaffected_sample=
propagation fallback: rustsec_id=RUSTSEC-2022-0011 cve_id=RUSTSEC-2022-0011 pkg=rust-crypto reason=no_patched_using_latest_version latest_version=0.2.36 latest_time=2016-05-20 05:40:27.059177 UTC patched_versions_count=0 unaffected_versions_count=0 patched_sample= unaffected_sample=
propagation fallback: rustsec_id=RUSTSEC-2022-0015 cve_id=RUSTSEC-2022-0015 pkg=pty reason=no_patched_using_latest_version latest_version=0.2.2 latest_time=2017-06-25 04:48:33.979783 UTC patched_versions_count=0 unaffected_versions_count=0 patched_sample= unaffected_sample=
propagation fallback: rustsec_id=RUSTSEC-2022-0023 cve_id=RUSTSEC-2022-0023 pkg=static_type_map reason=no_patched_using_latest_version latest_version=0.5.2 latest_time=2022-05-11 15:11:46.562478 UTC patched_versions_count=0 unaffected_versions_count=0 patched_sample= unaffected_sample=
propagation fallback: rustsec_id=RUSTSEC-2022-0024 cve_id=RUSTSEC-2022-0024 pkg=double-checked-cell reason=no_patched_using_latest_version latest_version=2.1.0 latest_time=2020-12-12 15:17:55.623017 UTC patched_versions_count=0 unaffected_versions_count=0 patched_sample= unaffected_sample=
propagation fallback: rustsec_id=RUSTSEC-2022-0034 cve_id=RUSTSEC-2022-0034 pkg=pkcs11 reason=no_patched_using_latest_version latest_version=0.5.0 latest_time=2020-04-20 06:00:24.567787 UTC patched_versions_count=0 unaffected_versions_count=0 patched_sample= unaffected_sample=
propagation fallback: rustsec_id=RUSTSEC-2022-0036 cve_id=RUSTSEC-2022-0036 pkg=r2d2_odbc reason=no_patched_using_latest_version latest_version=0.5.0 latest_time=2019-12-18 17:55:50.451084 UTC patched_versions_count=0 unaffected_versions_count=0 patched_sample= unaffected_sample=
propagation fallback: rustsec_id=RUSTSEC-2022-0039 cve_id=RUSTSEC-2022-0039 pkg=odbc reason=no_patched_using_latest_version latest_version=0.17.0 latest_time=2020-05-09 14:20:13.913529 UTC patched_versions_count=0 unaffected_versions_count=0 patched_sample= unaffected_sample=
propagation fallback: rustsec_id=RUSTSEC-2022-0040 cve_id=RUSTSEC-2022-0040 pkg=owning_ref reason=no_patched_using_latest_version latest_version=0.4.1 latest_time=2020-02-27 05:48:49.191192 UTC patched_versions_count=0 unaffected_versions_count=0 patched_sample= unaffected_sample=
package alias: rustsec_pkg=rustdecimal db_pkg=rust_decimal
propagation fallback: rustsec_id=RUSTSEC-2022-0042 cve_id=RUSTSEC-2022-0042 pkg=rust_decimal reason=no_patched_using_latest_version latest_version=1.39.0 latest_time=2025-10-12 18:47:44.904002 UTC patched_versions_count=0 unaffected_versions_count=0 patched_sample= unaffected_sample=
skip: rustsec_id=RUSTSEC-2022-0044 cve_id=RUSTSEC-2022-0044 pkg=markdown reason=withdrawn detail=advisory withdrawn
skip: rustsec_id=RUSTSEC-2022-0048 cve_id=RUSTSEC-2022-0048 pkg=xml-rs reason=withdrawn detail=advisory withdrawn
propagation fallback: rustsec_id=RUSTSEC-2022-0050 cve_id=RUSTSEC-2022-0050 pkg=interledger-packet reason=no_patched_using_latest_version latest_version=0.4.0 latest_time=2019-11-11 11:46:51.212041 UTC patched_versions_count=0 unaffected_versions_count=0 patched_sample= unaffected_sample=
propagation fallback: rustsec_id=RUSTSEC-2022-0053 cve_id=RUSTSEC-2022-0053 pkg=mapr reason=no_patched_using_latest_version latest_version=0.8.0 latest_time=2020-09-25 18:26:16.348088 UTC patched_versions_count=0 unaffected_versions_count=0 patched_sample= unaffected_sample=
propagation fallback: rustsec_id=RUSTSEC-2022-0054 cve_id=RUSTSEC-2022-0054 pkg=wee_alloc reason=no_patched_using_latest_version latest_version=0.4.5 latest_time=2019-08-22 17:15:35.888353 UTC patched_versions_count=0 unaffected_versions_count=0 patched_sample= unaffected_sample=
propagation fallback: rustsec_id=RUSTSEC-2022-0056 cve_id=RUSTSEC-2022-0056 pkg=clipboard reason=no_patched_using_latest_version latest_version=0.5.0 latest_time=2018-09-22 21:58:38.810943 UTC patched_versions_count=0 unaffected_versions_count=0 patched_sample= unaffected_sample=
propagation fallback: rustsec_id=RUSTSEC-2022-0057 cve_id=RUSTSEC-2022-0057 pkg=badge reason=no_patched_using_latest_version latest_version=0.3.0 latest_time=2020-07-26 23:22:38.419716 UTC patched_versions_count=0 unaffected_versions_count=0 patched_sample= unaffected_sample=
propagation fallback: rustsec_id=RUSTSEC-2022-0058 cve_id=RUSTSEC-2022-0058 pkg=inconceivable reason=no_patched_using_latest_version latest_version=0.9.0 latest_time=2020-01-31 23:35:30.808291 UTC patched_versions_count=0 unaffected_versions_count=0 patched_sample= unaffected_sample=
propagation fallback: rustsec_id=RUSTSEC-2022-0060 cve_id=RUSTSEC-2022-0060 pkg=orbtk reason=no_patched_using_latest_version latest_version=0.3.1-alpha4 latest_time=2022-03-25 07:03:30.408932 UTC patched_versions_count=0 unaffected_versions_count=0 patched_sample= unaffected_sample=
propagation fallback: rustsec_id=RUSTSEC-2022-0061 cve_id=RUSTSEC-2022-0061 pkg=parity-wasm reason=no_patched_using_latest_version latest_version=0.45.0 latest_time=2022-05-26 11:28:32.718825 UTC patched_versions_count=0 unaffected_versions_count=0 patched_sample= unaffected_sample=
propagation fallback: rustsec_id=RUSTSEC-2022-0071 cve_id=RUSTSEC-2022-0071 pkg=rusoto_credential reason=no_patched_using_latest_version latest_version=0.48.0 latest_time=2022-04-25 03:45:41.872028 UTC patched_versions_count=0 unaffected_versions_count=0 patched_sample= unaffected_sample=
propagation fallback: rustsec_id=RUSTSEC-2022-0073 cve_id=RUSTSEC-2022-0073 pkg=alloc-cortex-m reason=no_patched_using_latest_version latest_version=0.4.4 latest_time=2022-12-20 20:29:56.019078 UTC patched_versions_count=0 unaffected_versions_count=0 patched_sample= unaffected_sample=
propagation fallback: rustsec_id=RUSTSEC-2022-0077 cve_id=RUSTSEC-2022-0077 pkg=claim reason=no_patched_using_latest_version latest_version=0.5.0 latest_time=2021-02-04 16:50:55.008584 UTC patched_versions_count=0 unaffected_versions_count=0 patched_sample= unaffected_sample=
propagation fallback: rustsec_id=RUSTSEC-2022-0080 cve_id=RUSTSEC-2022-0080 pkg=parity-util-mem reason=no_patched_using_latest_version latest_version=0.12.0 latest_time=2022-09-20 13:06:58.449209 UTC patched_versions_count=0 unaffected_versions_count=0 patched_sample= unaffected_sample=
propagation fallback: rustsec_id=RUSTSEC-2022-0081 cve_id=RUSTSEC-2022-0081 pkg=json reason=no_patched_using_latest_version latest_version=0.12.4 latest_time=2020-03-18 08:39:23.818803 UTC patched_versions_count=0 unaffected_versions_count=0 patched_sample= unaffected_sample=
progress: 481/882 advisories, written_rows=17191, skipped=10, elapsed=39.6s
propagation fallback: rustsec_id=RUSTSEC-2022-0093 cve_id=CVE-2022-50237 pkg=ed25519-dalek reason=no_patched_using_latest_version latest_version=3.0.0-pre.3 latest_time=2025-12-07 16:55:33.859572 UTC patched_versions_count=1 unaffected_versions_count=0 patched_sample=>= 2 unaffected_sample=
skip: rustsec_id=RUSTSEC-2023-0002 cve_id=RUSTSEC-2023-0002 pkg=git2 reason=withdrawn detail=advisory withdrawn
propagation fallback: rustsec_id=RUSTSEC-2023-0017 cve_id=RUSTSEC-2023-0017 pkg=maligned reason=no_patched_using_latest_version latest_version=0.2.1 latest_time=2020-05-13 19:32:07.509310 UTC patched_versions_count=0 unaffected_versions_count=0 patched_sample= unaffected_sample=
propagation fallback: rustsec_id=RUSTSEC-2023-0019 cve_id=RUSTSEC-2023-0019 pkg=kuchiki reason=no_patched_using_latest_version latest_version=0.8.1 latest_time=2020-08-05 12:02:30.144298 UTC patched_versions_count=0 unaffected_versions_count=0 patched_sample= unaffected_sample=
propagation fallback: rustsec_id=RUSTSEC-2023-0020 cve_id=RUSTSEC-2023-0020 pkg=const-cstr reason=no_patched_using_latest_version latest_version=0.3.0 latest_time=2018-02-10 01:35:36.479365 UTC patched_versions_count=0 unaffected_versions_count=0 patched_sample= unaffected_sample=
propagation fallback: rustsec_id=RUSTSEC-2023-0025 cve_id=RUSTSEC-2023-0025 pkg=git-hash reason=no_patched_using_latest_version latest_version=0.10.3 latest_time=2023-02-17 08:53:12.668043 UTC patched_versions_count=0 unaffected_versions_count=0 patched_sample= unaffected_sample=
propagation fallback: rustsec_id=RUSTSEC-2023-0026 cve_id=RUSTSEC-2023-0026 pkg=git-path reason=no_patched_using_latest_version latest_version=0.7.2 latest_time=2023-02-17 08:54:14.743166 UTC patched_versions_count=0 unaffected_versions_count=0 patched_sample= unaffected_sample=
propagation fallback: rustsec_id=RUSTSEC-2023-0028 cve_id=RUSTSEC-2023-0028 pkg=buf_redux reason=no_patched_using_latest_version latest_version=0.8.4 latest_time=2019-07-31 18:22:11.723122 UTC patched_versions_count=0 unaffected_versions_count=0 patched_sample= unaffected_sample=
propagation fallback: rustsec_id=RUSTSEC-2023-0032 cve_id=RUSTSEC-2023-0032 pkg=ntru reason=no_patched_using_latest_version latest_version=0.5.6 latest_time=2016-12-09 16:54:46.169775 UTC patched_versions_count=0 unaffected_versions_count=0 patched_sample= unaffected_sample=
propagation fallback: rustsec_id=RUSTSEC-2023-0036 cve_id=RUSTSEC-2023-0036 pkg=tree_magic reason=no_patched_using_latest_version latest_version=0.2.3 latest_time=2020-02-25 02:31:59.956289 UTC patched_versions_count=0 unaffected_versions_count=0 patched_sample= unaffected_sample=
propagation fallback: rustsec_id=RUSTSEC-2023-0037 cve_id=RUSTSEC-2023-0037 pkg=xsalsa20poly1305 reason=no_patched_using_latest_version latest_version=0.9.1 latest_time=2023-05-17 02:38:14.839050 UTC patched_versions_count=0 unaffected_versions_count=0 patched_sample= unaffected_sample=
propagation fallback: rustsec_id=RUSTSEC-2023-0040 cve_id=RUSTSEC-2023-0040 pkg=users reason=no_patched_using_latest_version latest_version=0.11.0 latest_time=2020-10-08 02:15:28.604296 UTC patched_versions_count=0 unaffected_versions_count=0 patched_sample= unaffected_sample=
propagation fallback: rustsec_id=RUSTSEC-2023-0043 cve_id=RUSTSEC-2023-0043 pkg=ftp reason=no_patched_using_latest_version latest_version=3.0.1 latest_time=2018-04-15 17:51:16.707401 UTC patched_versions_count=0 unaffected_versions_count=0 patched_sample= unaffected_sample=
propagation fallback: rustsec_id=RUSTSEC-2023-0046 cve_id=RUSTSEC-2023-0046 pkg=cyfs-base reason=no_patched_using_latest_version latest_version=0.6.12 latest_time=2023-04-13 06:07:42.826706 UTC patched_versions_count=0 unaffected_versions_count=0 patched_sample= unaffected_sample=
propagation fallback: rustsec_id=RUSTSEC-2023-0047 cve_id=RUSTSEC-2023-0047 pkg=lmdb-rs reason=no_patched_using_latest_version latest_version=0.7.6 latest_time=2017-06-07 16:28:55.785109 UTC patched_versions_count=0 unaffected_versions_count=0 patched_sample= unaffected_sample=
propagation fallback: rustsec_id=RUSTSEC-2023-0049 cve_id=RUSTSEC-2023-0049 pkg=tui reason=no_patched_using_latest_version latest_version=0.19.0 latest_time=2022-08-14 13:40:31.787551 UTC patched_versions_count=0 unaffected_versions_count=0 patched_sample= unaffected_sample=
propagation fallback: rustsec_id=RUSTSEC-2023-0050 cve_id=RUSTSEC-2023-0050 pkg=multipart reason=no_patched_using_latest_version latest_version=0.18.0 latest_time=2021-05-29 03:47:28.226106 UTC patched_versions_count=0 unaffected_versions_count=0 patched_sample= unaffected_sample=
propagation fallback: rustsec_id=RUSTSEC-2023-0051 cve_id=RUSTSEC-2023-0051 pkg=dlopen_derive reason=no_patched_using_latest_version latest_version=0.1.4 latest_time=2019-06-09 16:31:45.063784 UTC patched_versions_count=0 unaffected_versions_count=0 patched_sample= unaffected_sample=
propagation fallback: rustsec_id=RUSTSEC-2023-0054 cve_id=RUSTSEC-2023-0054 pkg=mail-internals reason=no_patched_using_latest_version latest_version=0.2.3 latest_time=2019-03-26 15:05:00.315415 UTC patched_versions_count=0 unaffected_versions_count=0 patched_sample= unaffected_sample=
propagation fallback: rustsec_id=RUSTSEC-2023-0059 cve_id=RUSTSEC-2023-0059 pkg=users reason=no_patched_using_latest_version latest_version=0.11.0 latest_time=2020-10-08 02:15:28.604296 UTC patched_versions_count=0 unaffected_versions_count=0 patched_sample= unaffected_sample=
propagation fallback: rustsec_id=RUSTSEC-2023-0066 cve_id=CVE-2023-46277 pkg=pleaser reason=no_patched_using_latest_version latest_version=0.5.6 latest_time=2024-09-06 19:24:23.828301 UTC patched_versions_count=0 unaffected_versions_count=0 patched_sample= unaffected_sample=
propagation fallback: rustsec_id=RUSTSEC-2023-0067 cve_id=RUSTSEC-2023-0067 pkg=fehler reason=no_patched_using_latest_version latest_version=1.0.0 latest_time=2020-04-06 14:04:28.708002 UTC patched_versions_count=0 unaffected_versions_count=0 patched_sample= unaffected_sample=
propagation fallback: rustsec_id=RUSTSEC-2023-0071 cve_id=CVE-2023-49092 pkg=rsa reason=no_patched_using_latest_version latest_version=0.10.0-rc.10 latest_time=2025-11-07 00:50:32.050117 UTC patched_versions_count=0 unaffected_versions_count=0 patched_sample= unaffected_sample=
propagation fallback: rustsec_id=RUSTSEC-2023-0076 cve_id=RUSTSEC-2023-0076 pkg=cpython reason=no_patched_using_latest_version latest_version=0.7.2 latest_time=2024-07-02 17:52:21.565989 UTC patched_versions_count=0 unaffected_versions_count=0 patched_sample= unaffected_sample=
progress: 581/882 advisories, written_rows=24294, skipped=11, elapsed=44.8s
propagation fallback: rustsec_id=RUSTSEC-2023-0079 cve_id=RUSTSEC-2023-0079 pkg=pqc_kyber reason=no_patched_using_latest_version latest_version=0.7.1 latest_time=2023-08-23 02:22:23.045863 UTC patched_versions_count=0 unaffected_versions_count=0 patched_sample= unaffected_sample=
propagation fallback: rustsec_id=RUSTSEC-2023-0081 cve_id=RUSTSEC-2023-0081 pkg=safemem reason=no_patched_using_latest_version latest_version=0.3.3 latest_time=2019-10-22 03:54:11.474305 UTC patched_versions_count=0 unaffected_versions_count=0 patched_sample= unaffected_sample=
propagation fallback: rustsec_id=RUSTSEC-2023-0084 cve_id=RUSTSEC-2023-0084 pkg=hpack reason=no_patched_using_latest_version latest_version=0.3.0 latest_time=2015-10-22 14:48:00.632834 UTC patched_versions_count=0 unaffected_versions_count=0 patched_sample= unaffected_sample=
propagation fallback: rustsec_id=RUSTSEC-2023-0085 cve_id=RUSTSEC-2023-0085 pkg=hpack reason=no_patched_using_latest_version latest_version=0.3.0 latest_time=2015-10-22 14:48:00.632834 UTC patched_versions_count=0 unaffected_versions_count=0 patched_sample= unaffected_sample=
propagation fallback: rustsec_id=RUSTSEC-2023-0088 cve_id=RUSTSEC-2023-0088 pkg=loopdev reason=no_patched_using_latest_version latest_version=0.4.0 latest_time=2021-10-27 13:25:21.104659 UTC patched_versions_count=0 unaffected_versions_count=0 patched_sample= unaffected_sample=
propagation fallback: rustsec_id=RUSTSEC-2023-0089 cve_id=RUSTSEC-2023-0089 pkg=atomic-polyfill reason=no_patched_using_latest_version latest_version=1.0.3 latest_time=2023-07-11 19:35:12.876716 UTC patched_versions_count=0 unaffected_versions_count=0 patched_sample= unaffected_sample=
propagation fallback: rustsec_id=RUSTSEC-2023-0094 cve_id=RUSTSEC-2023-0094 pkg=martin-mbtiles reason=no_patched_using_latest_version latest_version=0.7.0 latest_time=2023-10-30 22:44:30.586322 UTC patched_versions_count=0 unaffected_versions_count=0 patched_sample= unaffected_sample=
propagation fallback: rustsec_id=RUSTSEC-2024-0004 cve_id=RUSTSEC-2024-0004 pkg=cosmwasm reason=no_patched_using_latest_version latest_version=0.7.2 latest_time=2020-03-23 21:06:09.205714 UTC patched_versions_count=0 unaffected_versions_count=0 patched_sample= unaffected_sample=
propagation fallback: rustsec_id=RUSTSEC-2024-0014 cve_id=RUSTSEC-2024-0014 pkg=generational-arena reason=no_patched_using_latest_version latest_version=0.2.9 latest_time=2023-05-22 19:27:16.031877 UTC patched_versions_count=0 unaffected_versions_count=0 patched_sample= unaffected_sample=
propagation fallback: rustsec_id=RUSTSEC-2024-0015 cve_id=RUSTSEC-2024-0015 pkg=filesystem reason=no_patched_using_latest_version latest_version=0.4.4 latest_time=2019-02-17 01:06:35.733151 UTC patched_versions_count=0 unaffected_versions_count=0 patched_sample= unaffected_sample=
propagation fallback: rustsec_id=RUSTSEC-2024-0018 cve_id=RUSTSEC-2024-0018 pkg=crayon reason=no_patched_using_latest_version latest_version=0.7.1 latest_time=2018-12-14 02:09:39.437591 UTC patched_versions_count=0 unaffected_versions_count=1 patched_sample= unaffected_sample=< 0.6.0
propagation fallback: rustsec_id=RUSTSEC-2024-0320 cve_id=RUSTSEC-2024-0320 pkg=yaml-rust reason=no_patched_using_latest_version latest_version=0.4.5 latest_time=2021-01-03 19:58:30.295058 UTC patched_versions_count=0 unaffected_versions_count=0 patched_sample= unaffected_sample=
propagation fallback: rustsec_id=RUSTSEC-2024-0331 cve_id=RUSTSEC-2024-0331 pkg=puccinier reason=no_patched_using_latest_version latest_version=1.0.5+deprecated latest_time=2024-03-31 02:04:28.415517 UTC patched_versions_count=0 unaffected_versions_count=0 patched_sample= unaffected_sample=
propagation fallback: rustsec_id=RUSTSEC-2024-0333 cve_id=RUSTSEC-2024-0333 pkg=rsa-export reason=no_patched_using_latest_version latest_version=0.3.3 latest_time=2021-03-29 15:12:37.267801 UTC patched_versions_count=0 unaffected_versions_count=0 patched_sample= unaffected_sample=
propagation fallback: rustsec_id=RUSTSEC-2024-0334 cve_id=RUSTSEC-2024-0334 pkg=libp2p-tokio-socks5 reason=no_patched_using_latest_version latest_version=0.8.0 latest_time=2021-07-07 01:34:57.517100 UTC patched_versions_count=0 unaffected_versions_count=0 patched_sample= unaffected_sample=
propagation fallback: rustsec_id=RUSTSEC-2024-0337 cve_id=RUSTSEC-2024-0337 pkg=zip_next reason=no_patched_using_latest_version latest_version=1.1.1 latest_time=2024-04-20 18:49:38.998824 UTC patched_versions_count=0 unaffected_versions_count=0 patched_sample= unaffected_sample=
propagation fallback: rustsec_id=RUSTSEC-2024-0364 cve_id=CVE-2024-43785 pkg=gitoxide-core reason=no_patched_using_latest_version latest_version=0.50.0 latest_time=2025-11-22 19:39:28.914849 UTC patched_versions_count=0 unaffected_versions_count=0 patched_sample= unaffected_sample=
propagation fallback: rustsec_id=RUSTSEC-2024-0368 cve_id=RUSTSEC-2024-0368 pkg=olm-sys reason=no_patched_using_latest_version latest_version=1.3.2 latest_time=2022-06-11 18:07:52.427352 UTC patched_versions_count=0 unaffected_versions_count=0 patched_sample= unaffected_sample=
propagation fallback: rustsec_id=RUSTSEC-2024-0370 cve_id=RUSTSEC-2024-0370 pkg=proc-macro-error reason=no_patched_using_latest_version latest_version=1.0.4 latest_time=2020-07-31 18:08:20.096247 UTC patched_versions_count=0 unaffected_versions_count=0 patched_sample= unaffected_sample=
propagation fallback: rustsec_id=RUSTSEC-2024-0375 cve_id=RUSTSEC-2024-0375 pkg=atty reason=no_patched_using_latest_version latest_version=0.2.14 latest_time=2020-01-05 22:19:33.123499 UTC patched_versions_count=0 unaffected_versions_count=0 patched_sample= unaffected_sample=
propagation fallback: rustsec_id=RUSTSEC-2024-0379 cve_id=RUSTSEC-2024-0379 pkg=fast-float reason=no_patched_using_latest_version latest_version=0.2.0 latest_time=2021-01-13 16:57:12.236999 UTC patched_versions_count=0 unaffected_versions_count=0 patched_sample= unaffected_sample=
propagation fallback: rustsec_id=RUSTSEC-2024-0380 cve_id=RUSTSEC-2024-0380 pkg=pqcrypto-dilithium reason=no_patched_using_latest_version latest_version=0.5.0 latest_time=2023-10-16 14:57:09.487802 UTC patched_versions_count=0 unaffected_versions_count=0 patched_sample= unaffected_sample=
propagation fallback: rustsec_id=RUSTSEC-2024-0381 cve_id=RUSTSEC-2024-0381 pkg=pqcrypto-kyber reason=no_patched_using_latest_version latest_version=0.8.1 latest_time=2024-01-25 11:02:41.188398 UTC patched_versions_count=0 unaffected_versions_count=0 patched_sample= unaffected_sample=
propagation fallback: rustsec_id=RUSTSEC-2024-0382 cve_id=RUSTSEC-2024-0382 pkg=hwloc reason=no_patched_using_latest_version latest_version=0.5.0 latest_time=2017-04-26 16:36:09.766034 UTC patched_versions_count=0 unaffected_versions_count=0 patched_sample= unaffected_sample=
propagation fallback: rustsec_id=RUSTSEC-2024-0383 cve_id=RUSTSEC-2024-0383 pkg=bcc reason=no_patched_using_latest_version latest_version=0.0.34 latest_time=2023-10-25 20:01:03.722662 UTC patched_versions_count=0 unaffected_versions_count=0 patched_sample= unaffected_sample=
propagation fallback: rustsec_id=RUSTSEC-2024-0384 cve_id=RUSTSEC-2024-0384 pkg=instant reason=no_patched_using_latest_version latest_version=0.1.13 latest_time=2024-05-17 19:56:13.760985 UTC patched_versions_count=0 unaffected_versions_count=0 patched_sample= unaffected_sample=
propagation fallback: rustsec_id=RUSTSEC-2024-0385 cve_id=RUSTSEC-2024-0385 pkg=cw0 reason=no_patched_using_latest_version latest_version=0.10.3 latest_time=2021-11-16 18:39:09.136369 UTC patched_versions_count=0 unaffected_versions_count=0 patched_sample= unaffected_sample=
propagation fallback: rustsec_id=RUSTSEC-2024-0386 cve_id=RUSTSEC-2024-0386 pkg=strason reason=no_patched_using_latest_version latest_version=0.5.0 latest_time=2024-08-20 15:36:05.399990 UTC patched_versions_count=0 unaffected_versions_count=0 patched_sample= unaffected_sample=
propagation fallback: rustsec_id=RUSTSEC-2024-0387 cve_id=RUSTSEC-2024-0387 pkg=opentelemetry_api reason=no_patched_using_latest_version latest_version=0.20.0 latest_time=2023-07-29 21:19:27.301558 UTC patched_versions_count=0 unaffected_versions_count=0 patched_sample= unaffected_sample=
propagation fallback: rustsec_id=RUSTSEC-2024-0388 cve_id=RUSTSEC-2024-0388 pkg=derivative reason=no_patched_using_latest_version latest_version=2.2.0 latest_time=2021-01-23 17:05:39.339355 UTC patched_versions_count=0 unaffected_versions_count=0 patched_sample= unaffected_sample=
propagation fallback: rustsec_id=RUSTSEC-2024-0389 cve_id=RUSTSEC-2024-0389 pkg=openslide reason=no_patched_using_latest_version latest_version=0.2.0 latest_time=2018-11-19 22:37:55.164852 UTC patched_versions_count=0 unaffected_versions_count=0 patched_sample= unaffected_sample=
propagation fallback: rustsec_id=RUSTSEC-2024-0390 cve_id=RUSTSEC-2024-0390 pkg=minitrace reason=no_patched_using_latest_version latest_version=0.6.7 latest_time=2024-06-23 09:27:48.964437 UTC patched_versions_count=0 unaffected_versions_count=0 patched_sample= unaffected_sample=
propagation fallback: rustsec_id=RUSTSEC-2024-0394 cve_id=RUSTSEC-2024-0394 pkg=mmap reason=no_patched_using_latest_version latest_version=0.1.1 latest_time=2015-04-09 22:50:05.976610 UTC patched_versions_count=0 unaffected_versions_count=0 patched_sample= unaffected_sample=
propagation fallback: rustsec_id=RUSTSEC-2024-0395 cve_id=RUSTSEC-2024-0395 pkg=chrono-english reason=no_patched_using_latest_version latest_version=0.1.8 latest_time=2025-08-13 08:08:04.494326 UTC patched_versions_count=0 unaffected_versions_count=0 patched_sample= unaffected_sample=
propagation fallback: rustsec_id=RUSTSEC-2024-0396 cve_id=RUSTSEC-2024-0396 pkg=conrod_core reason=no_patched_using_latest_version latest_version=0.76.1 latest_time=2022-01-17 04:32:33.654294 UTC patched_versions_count=0 unaffected_versions_count=0 patched_sample= unaffected_sample=
propagation fallback: rustsec_id=RUSTSEC-2024-0397 cve_id=RUSTSEC-2024-0397 pkg=conrod reason=no_patched_using_latest_version latest_version=0.62.1 latest_time=2020-08-03 10:26:19.786092 UTC patched_versions_count=0 unaffected_versions_count=0 patched_sample= unaffected_sample=
propagation fallback: rustsec_id=RUSTSEC-2024-0398 cve_id=RUSTSEC-2024-0398 pkg=sharks reason=no_patched_using_latest_version latest_version=0.5.0 latest_time=2021-03-14 17:06:26.228462 UTC patched_versions_count=0 unaffected_versions_count=0 patched_sample= unaffected_sample=
propagation fallback: rustsec_id=RUSTSEC-2024-0403 cve_id=RUSTSEC-2024-0403 pkg=js-sandbox reason=no_patched_using_latest_version latest_version=0.2.0-rc.2 latest_time=2023-09-12 16:40:45.431185 UTC patched_versions_count=0 unaffected_versions_count=0 patched_sample= unaffected_sample=
propagation fallback: rustsec_id=RUSTSEC-2024-0410 cve_id=RUSTSEC-2024-0410 pkg=gdkwayland reason=no_patched_using_latest_version latest_version=0.18.2 latest_time=2024-12-09 11:46:14.919203 UTC patched_versions_count=0 unaffected_versions_count=0 patched_sample= unaffected_sample=
propagation fallback: rustsec_id=RUSTSEC-2024-0411 cve_id=RUSTSEC-2024-0411 pkg=gdkwayland-sys reason=no_patched_using_latest_version latest_version=0.18.2 latest_time=2024-12-09 11:46:18.844994 UTC patched_versions_count=0 unaffected_versions_count=0 patched_sample= unaffected_sample=
propagation fallback: rustsec_id=RUSTSEC-2024-0412 cve_id=RUSTSEC-2024-0412 pkg=gdk reason=no_patched_using_latest_version latest_version=0.18.2 latest_time=2024-12-09 11:46:05.982567 UTC patched_versions_count=0 unaffected_versions_count=0 patched_sample= unaffected_sample=
propagation fallback: rustsec_id=RUSTSEC-2024-0413 cve_id=RUSTSEC-2024-0413 pkg=atk reason=no_patched_using_latest_version latest_version=0.18.2 latest_time=2024-12-09 11:45:55.239461 UTC patched_versions_count=0 unaffected_versions_count=0 patched_sample= unaffected_sample=
propagation fallback: rustsec_id=RUSTSEC-2024-0414 cve_id=RUSTSEC-2024-0414 pkg=gdkx11-sys reason=no_patched_using_latest_version latest_version=0.18.2 latest_time=2024-12-09 11:46:25.531482 UTC patched_versions_count=0 unaffected_versions_count=0 patched_sample= unaffected_sample=
propagation fallback: rustsec_id=RUSTSEC-2024-0415 cve_id=RUSTSEC-2024-0415 pkg=gtk reason=no_patched_using_latest_version latest_version=0.18.2 latest_time=2024-12-09 11:46:31.974872 UTC patched_versions_count=0 unaffected_versions_count=0 patched_sample= unaffected_sample=
propagation fallback: rustsec_id=RUSTSEC-2024-0416 cve_id=RUSTSEC-2024-0416 pkg=atk-sys reason=no_patched_using_latest_version latest_version=0.18.2 latest_time=2024-12-09 11:45:59.322690 UTC patched_versions_count=0 unaffected_versions_count=0 patched_sample= unaffected_sample=
propagation fallback: rustsec_id=RUSTSEC-2024-0417 cve_id=RUSTSEC-2024-0417 pkg=gdkx11 reason=no_patched_using_latest_version latest_version=0.18.2 latest_time=2024-12-09 11:46:22.248137 UTC patched_versions_count=0 unaffected_versions_count=0 patched_sample= unaffected_sample=
propagation fallback: rustsec_id=RUSTSEC-2024-0418 cve_id=RUSTSEC-2024-0418 pkg=gdk-sys reason=no_patched_using_latest_version latest_version=0.18.2 latest_time=2024-12-09 11:46:10.399451 UTC patched_versions_count=0 unaffected_versions_count=0 patched_sample= unaffected_sample=
propagation fallback: rustsec_id=RUSTSEC-2024-0419 cve_id=RUSTSEC-2024-0419 pkg=gtk3-macros reason=no_patched_using_latest_version latest_version=0.18.2 latest_time=2024-12-09 11:46:46.144873 UTC patched_versions_count=0 unaffected_versions_count=0 patched_sample= unaffected_sample=
propagation fallback: rustsec_id=RUSTSEC-2024-0420 cve_id=RUSTSEC-2024-0420 pkg=gtk-sys reason=no_patched_using_latest_version latest_version=0.18.2 latest_time=2024-12-09 11:46:36.837054 UTC patched_versions_count=0 unaffected_versions_count=0 patched_sample= unaffected_sample=
propagation fallback: rustsec_id=RUSTSEC-2024-0422 cve_id=RUSTSEC-2024-0422 pkg=gtk-layer-shell reason=no_patched_using_latest_version latest_version=0.8.2 latest_time=2024-12-09 12:40:53.916372 UTC patched_versions_count=0 unaffected_versions_count=0 patched_sample= unaffected_sample=
propagation fallback: rustsec_id=RUSTSEC-2024-0423 cve_id=RUSTSEC-2024-0423 pkg=gtk-layer-shell-sys reason=no_patched_using_latest_version latest_version=0.7.2 latest_time=2024-12-09 12:34:42.294321 UTC patched_versions_count=0 unaffected_versions_count=0 patched_sample= unaffected_sample=
propagation fallback: rustsec_id=RUSTSEC-2024-0425 cve_id=RUSTSEC-2024-0425 pkg=get-size reason=no_patched_using_latest_version latest_version=0.1.4 latest_time=2023-06-23 19:09:28.659479 UTC patched_versions_count=0 unaffected_versions_count=0 patched_sample= unaffected_sample=
propagation fallback: rustsec_id=RUSTSEC-2024-0426 cve_id=RUSTSEC-2024-0426 pkg=spl-token-swap reason=no_patched_using_latest_version latest_version=3.0.0 latest_time=2022-06-08 13:01:27.684407 UTC patched_versions_count=0 unaffected_versions_count=0 patched_sample= unaffected_sample=
propagation fallback: rustsec_id=RUSTSEC-2024-0427 cve_id=RUSTSEC-2024-0427 pkg=get-size-derive reason=no_patched_using_latest_version latest_version=0.1.3 latest_time=2023-06-23 19:08:22.249811 UTC patched_versions_count=0 unaffected_versions_count=0 patched_sample= unaffected_sample=
propagation fallback: rustsec_id=RUSTSEC-2024-0430 cve_id=RUSTSEC-2024-0430 pkg=magic-crypt reason=no_patched_using_latest_version latest_version=4.0.1 latest_time=2024-11-02 08:51:05.425314 UTC patched_versions_count=0 unaffected_versions_count=0 patched_sample= unaffected_sample=
propagation fallback: rustsec_id=RUSTSEC-2024-0435 cve_id=RUSTSEC-2024-0435 pkg=fyrox-core reason=no_patched_using_latest_version latest_version=1.0.0-rc.1 latest_time=2025-10-21 17:13:16.918386 UTC patched_versions_count=1 unaffected_versions_count=0 patched_sample=>= 0.36 unaffected_sample=
propagation fallback: rustsec_id=RUSTSEC-2024-0436 cve_id=RUSTSEC-2024-0436 pkg=paste reason=no_patched_using_latest_version latest_version=1.0.15 latest_time=2024-05-07 01:50:22.784771 UTC patched_versions_count=0 unaffected_versions_count=0 patched_sample= unaffected_sample=
propagation fallback: rustsec_id=RUSTSEC-2024-0444 cve_id=CVE-2024-43367 pkg=boa_engine reason=no_patched_using_latest_version latest_version=0.21.0 latest_time=2025-10-21 23:26:07.368290 UTC patched_versions_count=1 unaffected_versions_count=1 patched_sample=>= 0.19 unaffected_sample=< 0.16
fixed_version fallback: rustsec_id=RUSTSEC-2024-0446 cve_id=CVE-2024-41815 pkg=starship reason=patched_req_first_published fixed_versions_sample=1.20.1
propagation fallback: rustsec_id=RUSTSEC-2025-0003 cve_id=RUSTSEC-2025-0003 pkg=fast-float reason=no_patched_using_latest_version latest_version=0.2.0 latest_time=2021-01-13 16:57:12.236999 UTC patched_versions_count=0 unaffected_versions_count=0 patched_sample= unaffected_sample=
skip: rustsec_id=RUSTSEC-2025-0007 cve_id=RUSTSEC-2025-0007 pkg=ring reason=withdrawn detail=advisory withdrawn
propagation fallback: rustsec_id=RUSTSEC-2025-0010 cve_id=RUSTSEC-2025-0010 pkg=ring reason=no_patched_using_latest_version latest_version=0.17.14 latest_time=2025-03-11 19:42:03.889273 UTC patched_versions_count=0 unaffected_versions_count=1 patched_sample= unaffected_sample=>= 0.17
propagation fallback: rustsec_id=RUSTSEC-2025-0011 cve_id=RUSTSEC-2025-0011 pkg=openpgp-card-sequoia reason=no_patched_using_latest_version latest_version=0.2.2 latest_time=2024-06-05 07:01:49.853163 UTC patched_versions_count=0 unaffected_versions_count=0 patched_sample= unaffected_sample=
propagation fallback: rustsec_id=RUSTSEC-2025-0012 cve_id=RUSTSEC-2025-0012 pkg=backoff reason=no_patched_using_latest_version latest_version=0.4.0 latest_time=2021-12-14 21:16:45.606935 UTC patched_versions_count=0 unaffected_versions_count=0 patched_sample= unaffected_sample=
propagation fallback: rustsec_id=RUSTSEC-2025-0013 cve_id=RUSTSEC-2025-0013 pkg=resolve reason=no_patched_using_latest_version latest_version=0.2.0 latest_time=2018-02-16 22:14:55.873371 UTC patched_versions_count=0 unaffected_versions_count=0 patched_sample= unaffected_sample=
skip: rustsec_id=RUSTSEC-2025-0014 cve_id=RUSTSEC-2025-0014 pkg=humantime reason=withdrawn detail=advisory withdrawn
propagation fallback: rustsec_id=RUSTSEC-2025-0017 cve_id=RUSTSEC-2025-0017 pkg=trust-dns-proto reason=no_patched_using_latest_version latest_version=0.23.2 latest_time=2023-10-23 16:03:22.585328 UTC patched_versions_count=0 unaffected_versions_count=1 patched_sample= unaffected_sample=<= 0.23.0
propagation fallback: rustsec_id=RUSTSEC-2025-0018 cve_id=RUSTSEC-2025-0018 pkg=xmas-elf reason=no_patched_using_latest_version latest_version=0.10.0 latest_time=2025-03-26 14:04:50.774745 UTC patched_versions_count=1 unaffected_versions_count=0 patched_sample=>=0.10 unaffected_sample=
progress: 761/882 advisories, written_rows=29687, skipped=13, elapsed=51.2s
propagation fallback: rustsec_id=RUSTSEC-2025-0025 cve_id=RUSTSEC-2025-0025 pkg=rustc-serialize reason=no_patched_using_latest_version latest_version=0.3.25 latest_time=2023-12-01 09:52:20.384822 UTC patched_versions_count=0 unaffected_versions_count=0 patched_sample= unaffected_sample=
propagation fallback: rustsec_id=RUSTSEC-2025-0026 cve_id=RUSTSEC-2025-0026 pkg=registry reason=no_patched_using_latest_version latest_version=1.3.0 latest_time=2024-10-25 23:58:43.557655 UTC patched_versions_count=0 unaffected_versions_count=0 patched_sample= unaffected_sample=
propagation fallback: rustsec_id=RUSTSEC-2025-0028 cve_id=RUSTSEC-2025-0028 pkg=cve-rs reason=no_patched_using_latest_version latest_version=0.7.0 latest_time=2025-09-26 13:50:19.914161 UTC patched_versions_count=0 unaffected_versions_count=0 patched_sample= unaffected_sample=
propagation fallback: rustsec_id=RUSTSEC-2025-0029 cve_id=RUSTSEC-2025-0029 pkg=totally-safe reason=no_patched_using_latest_version latest_version=0.1.1 latest_time=2024-10-13 15:44:34.315978 UTC patched_versions_count=0 unaffected_versions_count=0 patched_sample= unaffected_sample=
propagation fallback: rustsec_id=RUSTSEC-2025-0030 cve_id=RUSTSEC-2025-0030 pkg=totally-safe-transmute reason=no_patched_using_latest_version latest_version=0.0.4 latest_time=2022-10-09 03:24:09.791278 UTC patched_versions_count=0 unaffected_versions_count=0 patched_sample= unaffected_sample=
propagation fallback: rustsec_id=RUSTSEC-2025-0031 cve_id=RUSTSEC-2025-0031 pkg=tanton_engine reason=no_patched_using_latest_version latest_version=1.0.0 latest_time=2022-11-27 19:09:59.443777 UTC patched_versions_count=0 unaffected_versions_count=0 patched_sample= unaffected_sample=
propagation fallback: rustsec_id=RUSTSEC-2025-0033 cve_id=RUSTSEC-2025-0033 pkg=scanner reason=no_patched_using_latest_version latest_version=0.1.0 latest_time=2016-04-07 19:01:44.473969 UTC patched_versions_count=0 unaffected_versions_count=0 patched_sample= unaffected_sample=
propagation fallback: rustsec_id=RUSTSEC-2025-0034 cve_id=RUSTSEC-2025-0034 pkg=fast_id_map reason=no_patched_using_latest_version latest_version=0.1.0 latest_time=2024-03-03 12:18:45.512338 UTC patched_versions_count=0 unaffected_versions_count=0 patched_sample= unaffected_sample=
propagation fallback: rustsec_id=RUSTSEC-2025-0035 cve_id=RUSTSEC-2025-0035 pkg=macroquad reason=no_patched_using_latest_version latest_version=0.4.14 latest_time=2025-03-20 13:33:02.592966 UTC patched_versions_count=0 unaffected_versions_count=0 patched_sample= unaffected_sample=
propagation fallback: rustsec_id=RUSTSEC-2025-0036 cve_id=RUSTSEC-2025-0036 pkg=surf reason=no_patched_using_latest_version latest_version=2.3.2 latest_time=2021-11-01 19:42:02.284631 UTC patched_versions_count=0 unaffected_versions_count=0 patched_sample= unaffected_sample=
propagation fallback: rustsec_id=RUSTSEC-2025-0038 cve_id=RUSTSEC-2025-0038 pkg=arrow2 reason=no_patched_using_latest_version latest_version=0.18.0 latest_time=2023-09-17 08:00:04.117566 UTC patched_versions_count=0 unaffected_versions_count=0 patched_sample= unaffected_sample=
propagation fallback: rustsec_id=RUSTSEC-2025-0039 cve_id=RUSTSEC-2025-0039 pkg=anon-vec reason=no_patched_using_latest_version latest_version=0.1.1 latest_time=2023-08-23 17:49:53.388306 UTC patched_versions_count=0 unaffected_versions_count=0 patched_sample= unaffected_sample=
propagation fallback: rustsec_id=RUSTSEC-2025-0040 cve_id=CVE-2025-5791 pkg=users reason=no_patched_using_latest_version latest_version=0.11.0 latest_time=2020-10-08 02:15:28.604296 UTC patched_versions_count=0 unaffected_versions_count=1 patched_sample= unaffected_sample=< 0.8.0
propagation fallback: rustsec_id=RUSTSEC-2025-0044 cve_id=RUSTSEC-2025-0044 pkg=slice-ring-buffer reason=no_patched_using_latest_version latest_version=0.3.4 latest_time=2024-07-27 05:36:55.376993 UTC patched_versions_count=0 unaffected_versions_count=0 patched_sample= unaffected_sample=
propagation fallback: rustsec_id=RUSTSEC-2025-0048 cve_id=RUSTSEC-2025-0048 pkg=tsify-next reason=no_patched_using_latest_version latest_version=0.5.6 latest_time=2025-04-20 17:07:48.365375 UTC patched_versions_count=0 unaffected_versions_count=0 patched_sample= unaffected_sample=
propagation fallback: rustsec_id=RUSTSEC-2025-0049 cve_id=RUSTSEC-2025-0049 pkg=scratchpad reason=no_patched_using_latest_version latest_version=1.3.1 latest_time=2021-02-19 10:05:16.077633 UTC patched_versions_count=0 unaffected_versions_count=0 patched_sample= unaffected_sample=
propagation fallback: rustsec_id=RUSTSEC-2025-0052 cve_id=RUSTSEC-2025-0052 pkg=async-std reason=no_patched_using_latest_version latest_version=1.13.2 latest_time=2025-08-15 01:43:25.834384 UTC patched_versions_count=0 unaffected_versions_count=0 patched_sample= unaffected_sample=
propagation fallback: rustsec_id=RUSTSEC-2025-0053 cve_id=RUSTSEC-2025-0053 pkg=arenavec reason=no_patched_using_latest_version latest_version=0.1.1 latest_time=2019-07-31 20:39:27.544786 UTC patched_versions_count=0 unaffected_versions_count=0 patched_sample= unaffected_sample=
propagation fallback: rustsec_id=RUSTSEC-2025-0056 cve_id=RUSTSEC-2025-0056 pkg=adler reason=no_patched_using_latest_version latest_version=1.0.2 latest_time=2021-02-26 12:12:02.566 UTC patched_versions_count=0 unaffected_versions_count=0 patched_sample= unaffected_sample=
propagation fallback: rustsec_id=RUSTSEC-2025-0057 cve_id=RUSTSEC-2025-0057 pkg=fxhash reason=no_patched_using_latest_version latest_version=0.2.1 latest_time=2017-07-29 19:02:18.664479 UTC patched_versions_count=0 unaffected_versions_count=0 patched_sample= unaffected_sample=
propagation fallback: rustsec_id=RUSTSEC-2025-0058 cve_id=RUSTSEC-2025-0058 pkg=custom_derive reason=no_patched_using_latest_version latest_version=0.1.7 latest_time=2016-11-21 05:04:37.771915 UTC patched_versions_count=0 unaffected_versions_count=0 patched_sample= unaffected_sample=
propagation fallback: rustsec_id=RUSTSEC-2025-0059 cve_id=RUSTSEC-2025-0059 pkg=servo-fontconfig reason=no_patched_using_latest_version latest_version=0.5.1 latest_time=2020-07-09 15:36:02.052476 UTC patched_versions_count=0 unaffected_versions_count=0 patched_sample= unaffected_sample=
propagation fallback: rustsec_id=RUSTSEC-2025-0060 cve_id=RUSTSEC-2025-0060 pkg=crypto-hash reason=no_patched_using_latest_version latest_version=0.3.4 latest_time=2019-08-18 06:55:25.755576 UTC patched_versions_count=0 unaffected_versions_count=0 patched_sample= unaffected_sample=
propagation fallback: rustsec_id=RUSTSEC-2025-0061 cve_id=RUSTSEC-2025-0061 pkg=iron reason=no_patched_using_latest_version latest_version=0.6.1 latest_time=2019-08-14 18:28:22.400965 UTC patched_versions_count=0 unaffected_versions_count=0 patched_sample= unaffected_sample=
propagation fallback: rustsec_id=RUSTSEC-2025-0064 cve_id=RUSTSEC-2025-0064 pkg=wren_rust reason=no_patched_using_latest_version latest_version=0.2.0 latest_time=2017-06-19 19:37:10.864061 UTC patched_versions_count=0 unaffected_versions_count=0 patched_sample= unaffected_sample=
propagation fallback: rustsec_id=RUSTSEC-2025-0066 cve_id=RUSTSEC-2025-0066 pkg=google-apis-common reason=no_patched_using_latest_version latest_version=8.0.0 latest_time=2025-07-24 03:19:32.840265 UTC patched_versions_count=0 unaffected_versions_count=0 patched_sample= unaffected_sample=
propagation fallback: rustsec_id=RUSTSEC-2025-0067 cve_id=RUSTSEC-2025-0067 pkg=libyml reason=no_patched_using_latest_version latest_version=0.0.5 latest_time=2024-08-24 12:41:49.519714 UTC patched_versions_count=0 unaffected_versions_count=0 patched_sample= unaffected_sample=
propagation fallback: rustsec_id=RUSTSEC-2025-0068 cve_id=RUSTSEC-2025-0068 pkg=serde_yml reason=no_patched_using_latest_version latest_version=0.0.12 latest_time=2024-08-25 16:06:09.793708 UTC patched_versions_count=0 unaffected_versions_count=0 patched_sample= unaffected_sample=
propagation fallback: rustsec_id=RUSTSEC-2025-0069 cve_id=RUSTSEC-2025-0069 pkg=daemonize reason=no_patched_using_latest_version latest_version=0.5.0 latest_time=2023-02-25 07:57:03.268345 UTC patched_versions_count=0 unaffected_versions_count=0 patched_sample= unaffected_sample=
propagation fallback: rustsec_id=RUSTSEC-2025-0072 cve_id=RUSTSEC-2025-0072 pkg=wrflib reason=no_patched_using_latest_version latest_version=0.0.3 latest_time=2022-01-25 16:27:27.987502 UTC patched_versions_count=0 unaffected_versions_count=0 patched_sample= unaffected_sample=
propagation fallback: rustsec_id=RUSTSEC-2025-0074 cve_id=RUSTSEC-2025-0074 pkg=unic-segment reason=no_patched_using_latest_version latest_version=0.9.0 latest_time=2019-03-03 07:45:10.753005 UTC patched_versions_count=0 unaffected_versions_count=0 patched_sample= unaffected_sample=
propagation fallback: rustsec_id=RUSTSEC-2025-0075 cve_id=RUSTSEC-2025-0075 pkg=unic-char-range reason=no_patched_using_latest_version latest_version=0.9.0 latest_time=2019-03-03 04:58:08.510025 UTC patched_versions_count=0 unaffected_versions_count=0 patched_sample= unaffected_sample=
propagation fallback: rustsec_id=RUSTSEC-2025-0076 cve_id=RUSTSEC-2025-0076 pkg=unic-ucd-name reason=no_patched_using_latest_version latest_version=0.9.0 latest_time=2019-03-03 05:12:06.848374 UTC patched_versions_count=0 unaffected_versions_count=0 patched_sample= unaffected_sample=
propagation fallback: rustsec_id=RUSTSEC-2025-0077 cve_id=RUSTSEC-2025-0077 pkg=unic-ucd reason=no_patched_using_latest_version latest_version=0.9.0 latest_time=2019-03-03 05:12:56.218622 UTC patched_versions_count=0 unaffected_versions_count=0 patched_sample= unaffected_sample=
propagation fallback: rustsec_id=RUSTSEC-2025-0078 cve_id=RUSTSEC-2025-0078 pkg=unic-ucd-normal reason=no_patched_using_latest_version latest_version=0.9.0 latest_time=2019-03-03 05:12:23.635662 UTC patched_versions_count=0 unaffected_versions_count=0 patched_sample= unaffected_sample=
propagation fallback: rustsec_id=RUSTSEC-2025-0079 cve_id=RUSTSEC-2025-0079 pkg=unic-ucd-hangul reason=no_patched_using_latest_version latest_version=0.9.0 latest_time=2019-03-03 05:10:49.461512 UTC patched_versions_count=0 unaffected_versions_count=0 patched_sample= unaffected_sample=
propagation fallback: rustsec_id=RUSTSEC-2025-0080 cve_id=RUSTSEC-2025-0080 pkg=unic-common reason=no_patched_using_latest_version latest_version=0.9.0 latest_time=2019-03-03 04:57:59.630433 UTC patched_versions_count=0 unaffected_versions_count=0 patched_sample= unaffected_sample=
propagation fallback: rustsec_id=RUSTSEC-2025-0081 cve_id=RUSTSEC-2025-0081 pkg=unic-char-property reason=no_patched_using_latest_version latest_version=0.9.0 latest_time=2019-03-03 04:58:16.449988 UTC patched_versions_count=0 unaffected_versions_count=0 patched_sample= unaffected_sample=
propagation fallback: rustsec_id=RUSTSEC-2025-0082 cve_id=RUSTSEC-2025-0082 pkg=unic-normal reason=no_patched_using_latest_version latest_version=0.9.0 latest_time=2019-03-03 05:13:11.790557 UTC patched_versions_count=0 unaffected_versions_count=0 patched_sample= unaffected_sample=
propagation fallback: rustsec_id=RUSTSEC-2025-0083 cve_id=RUSTSEC-2025-0083 pkg=unic-ucd-bidi reason=no_patched_using_latest_version latest_version=0.9.0 latest_time=2019-03-03 05:11:08.628443 UTC patched_versions_count=0 unaffected_versions_count=0 patched_sample= unaffected_sample=
propagation fallback: rustsec_id=RUSTSEC-2025-0084 cve_id=RUSTSEC-2025-0084 pkg=unic-emoji reason=no_patched_using_latest_version latest_version=0.9.0 latest_time=2019-03-03 07:48:30.624986 UTC patched_versions_count=0 unaffected_versions_count=0 patched_sample= unaffected_sample=
propagation fallback: rustsec_id=RUSTSEC-2025-0085 cve_id=RUSTSEC-2025-0085 pkg=unic-idna reason=no_patched_using_latest_version latest_version=0.9.0 latest_time=2019-03-03 05:13:42.207776 UTC patched_versions_count=0 unaffected_versions_count=0 patched_sample= unaffected_sample=
propagation fallback: rustsec_id=RUSTSEC-2025-0086 cve_id=RUSTSEC-2025-0086 pkg=unic-char reason=no_patched_using_latest_version latest_version=0.9.0 latest_time=2019-03-03 05:10:32.066088 UTC patched_versions_count=0 unaffected_versions_count=0 patched_sample= unaffected_sample=
propagation fallback: rustsec_id=RUSTSEC-2025-0087 cve_id=RUSTSEC-2025-0087 pkg=unic-cli reason=no_patched_using_latest_version latest_version=0.9.0 latest_time=2019-03-03 07:49:37.305687 UTC patched_versions_count=0 unaffected_versions_count=0 patched_sample= unaffected_sample=
propagation fallback: rustsec_id=RUSTSEC-2025-0088 cve_id=RUSTSEC-2025-0088 pkg=unic-idna-punycode reason=no_patched_using_latest_version latest_version=0.9.0 latest_time=2019-03-03 05:13:32.254211 UTC patched_versions_count=0 unaffected_versions_count=0 patched_sample= unaffected_sample=
propagation fallback: rustsec_id=RUSTSEC-2025-0089 cve_id=RUSTSEC-2025-0089 pkg=unic-ucd-name_aliases reason=no_patched_using_latest_version latest_version=0.9.0 latest_time=2019-03-03 05:12:14.218840 UTC patched_versions_count=0 unaffected_versions_count=0 patched_sample= unaffected_sample=
propagation fallback: rustsec_id=RUSTSEC-2025-0090 cve_id=RUSTSEC-2025-0090 pkg=unic-emoji-char reason=no_patched_using_latest_version latest_version=0.9.0 latest_time=2019-03-03 07:48:10.653608 UTC patched_versions_count=0 unaffected_versions_count=0 patched_sample= unaffected_sample=
propagation fallback: rustsec_id=RUSTSEC-2025-0091 cve_id=RUSTSEC-2025-0091 pkg=unic-utils reason=no_patched_using_latest_version latest_version=0.6.0 latest_time=2017-09-22 19:36:23.477148 UTC patched_versions_count=0 unaffected_versions_count=0 patched_sample= unaffected_sample=
propagation fallback: rustsec_id=RUSTSEC-2025-0092 cve_id=RUSTSEC-2025-0092 pkg=unic-ucd-case reason=no_patched_using_latest_version latest_version=0.9.0 latest_time=2019-03-03 05:11:24.490390 UTC patched_versions_count=0 unaffected_versions_count=0 patched_sample= unaffected_sample=
propagation fallback: rustsec_id=RUSTSEC-2025-0093 cve_id=RUSTSEC-2025-0093 pkg=unic-char-basics reason=no_patched_using_latest_version latest_version=0.9.0 latest_time=2019-03-03 05:10:21.600564 UTC patched_versions_count=0 unaffected_versions_count=0 patched_sample= unaffected_sample=
propagation fallback: rustsec_id=RUSTSEC-2025-0094 cve_id=RUSTSEC-2025-0094 pkg=unic-ucd-category reason=no_patched_using_latest_version latest_version=0.9.0 latest_time=2019-03-03 05:10:42.955849 UTC patched_versions_count=0 unaffected_versions_count=0 patched_sample= unaffected_sample=
propagation fallback: rustsec_id=RUSTSEC-2025-0095 cve_id=RUSTSEC-2025-0095 pkg=unic reason=no_patched_using_latest_version latest_version=0.9.0 latest_time=2019-03-03 07:48:57.409553 UTC patched_versions_count=0 unaffected_versions_count=0 patched_sample= unaffected_sample=
propagation fallback: rustsec_id=RUSTSEC-2025-0096 cve_id=RUSTSEC-2025-0096 pkg=unic-bidi reason=no_patched_using_latest_version latest_version=0.9.0 latest_time=2019-03-03 07:44:53.168440 UTC patched_versions_count=0 unaffected_versions_count=0 patched_sample= unaffected_sample=
propagation fallback: rustsec_id=RUSTSEC-2025-0097 cve_id=RUSTSEC-2025-0097 pkg=unic-idna-mapping reason=no_patched_using_latest_version latest_version=0.9.0 latest_time=2019-03-03 05:13:25.276538 UTC patched_versions_count=0 unaffected_versions_count=0 patched_sample= unaffected_sample=
propagation fallback: rustsec_id=RUSTSEC-2025-0098 cve_id=RUSTSEC-2025-0098 pkg=unic-ucd-version reason=no_patched_using_latest_version latest_version=0.9.0 latest_time=2019-03-03 04:58:25.487899 UTC patched_versions_count=0 unaffected_versions_count=0 patched_sample= unaffected_sample=
propagation fallback: rustsec_id=RUSTSEC-2025-0099 cve_id=RUSTSEC-2025-0099 pkg=unic-ucd-block reason=no_patched_using_latest_version latest_version=0.9.0 latest_time=2019-03-03 05:11:15.969041 UTC patched_versions_count=0 unaffected_versions_count=0 patched_sample= unaffected_sample=
propagation fallback: rustsec_id=RUSTSEC-2025-0100 cve_id=RUSTSEC-2025-0100 pkg=unic-ucd-ident reason=no_patched_using_latest_version latest_version=0.9.0 latest_time=2019-03-03 05:11:39.054438 UTC patched_versions_count=0 unaffected_versions_count=0 patched_sample= unaffected_sample=
propagation fallback: rustsec_id=RUSTSEC-2025-0101 cve_id=RUSTSEC-2025-0101 pkg=unic-ucd-common reason=no_patched_using_latest_version latest_version=0.9.0 latest_time=2019-03-03 05:11:32.061858 UTC patched_versions_count=0 unaffected_versions_count=0 patched_sample= unaffected_sample=
propagation fallback: rustsec_id=RUSTSEC-2025-0102 cve_id=RUSTSEC-2025-0102 pkg=unic-ucd-age reason=no_patched_using_latest_version latest_version=0.9.0 latest_time=2019-03-03 05:10:59.811967 UTC patched_versions_count=0 unaffected_versions_count=0 patched_sample= unaffected_sample=
propagation fallback: rustsec_id=RUSTSEC-2025-0103 cve_id=RUSTSEC-2025-0103 pkg=unic-ucd-core reason=no_patched_using_latest_version latest_version=0.6.0 latest_time=2017-09-22 19:37:53.382951 UTC patched_versions_count=0 unaffected_versions_count=0 patched_sample= unaffected_sample=
propagation fallback: rustsec_id=RUSTSEC-2025-0104 cve_id=RUSTSEC-2025-0104 pkg=unic-ucd-segment reason=no_patched_using_latest_version latest_version=0.9.0 latest_time=2019-03-03 05:12:31.476662 UTC patched_versions_count=0 unaffected_versions_count=0 patched_sample= unaffected_sample=
propagation fallback: rustsec_id=RUSTSEC-2025-0108 cve_id=RUSTSEC-2025-0108 pkg=ncurses reason=no_patched_using_latest_version latest_version=6.0.1 latest_time=2024-07-12 17:40:24.069214 UTC patched_versions_count=0 unaffected_versions_count=0 patched_sample= unaffected_sample=
propagation fallback: rustsec_id=RUSTSEC-2025-0109 cve_id=RUSTSEC-2025-0109 pkg=binary_vec_io reason=no_patched_using_latest_version latest_version=0.1.12 latest_time=2021-11-12 23:38:25.450663 UTC patched_versions_count=0 unaffected_versions_count=0 patched_sample= unaffected_sample=
propagation fallback: rustsec_id=RUSTSEC-2025-0111 cve_id=CVE-2025-62518 pkg=tokio-tar reason=no_patched_using_latest_version latest_version=0.3.1 latest_time=2023-07-14 21:02:27.805709 UTC patched_versions_count=0 unaffected_versions_count=0 patched_sample= unaffected_sample=
propagation fallback: rustsec_id=RUSTSEC-2025-0113 cve_id=RUSTSEC-2025-0113 pkg=shaman reason=no_patched_using_latest_version latest_version=0.1.0 latest_time=2015-05-14 03:13:28.384618 UTC patched_versions_count=0 unaffected_versions_count=0 patched_sample= unaffected_sample=
propagation fallback: rustsec_id=RUSTSEC-2025-0114 cve_id=RUSTSEC-2025-0114 pkg=tandem_http_client reason=no_patched_using_latest_version latest_version=0.3.0 latest_time=2022-11-30 14:54:43.818732 UTC patched_versions_count=0 unaffected_versions_count=0 patched_sample= unaffected_sample=
propagation fallback: rustsec_id=RUSTSEC-2025-0115 cve_id=RUSTSEC-2025-0115 pkg=tandem_http_server reason=no_patched_using_latest_version latest_version=0.3.0 latest_time=2022-11-30 14:56:25.494506 UTC patched_versions_count=0 unaffected_versions_count=0 patched_sample= unaffected_sample=
propagation fallback: rustsec_id=RUSTSEC-2025-0116 cve_id=RUSTSEC-2025-0116 pkg=tandem_garble_interop reason=no_patched_using_latest_version latest_version=0.3.0 latest_time=2022-11-30 14:52:11.052864 UTC patched_versions_count=0 unaffected_versions_count=0 patched_sample= unaffected_sample=
propagation fallback: rustsec_id=RUSTSEC-2025-0117 cve_id=RUSTSEC-2025-0117 pkg=tandem reason=no_patched_using_latest_version latest_version=0.3.0 latest_time=2022-11-30 14:50:40.911156 UTC patched_versions_count=0 unaffected_versions_count=0 patched_sample= unaffected_sample=
propagation fallback: rustsec_id=RUSTSEC-2025-0119 cve_id=RUSTSEC-2025-0119 pkg=number_prefix reason=no_patched_using_latest_version latest_version=0.4.0 latest_time=2020-04-07 01:48:04.585296 UTC patched_versions_count=0 unaffected_versions_count=0 patched_sample= unaffected_sample=
skip: rustsec_id=RUSTSEC-2025-0120 cve_id=RUSTSEC-2025-0120 pkg=json5 reason=withdrawn detail=advisory withdrawn
propagation fallback: rustsec_id=RUSTSEC-2025-0121 cve_id=RUSTSEC-2025-0121 pkg=gcc reason=no_patched_using_latest_version latest_version=0.3.55 latest_time=2018-10-08 22:06:05.796359 UTC patched_versions_count=0 unaffected_versions_count=0 patched_sample= unaffected_sample=
propagation fallback: rustsec_id=RUSTSEC-2025-0122 cve_id=RUSTSEC-2025-0122 pkg=cargo-asm reason=no_patched_using_latest_version latest_version=0.1.16 latest_time=2018-06-07 16:11:07.853596 UTC patched_versions_count=0 unaffected_versions_count=0 patched_sample= unaffected_sample=
propagation fallback: rustsec_id=RUSTSEC-2025-0123 cve_id=RUSTSEC-2025-0123 pkg=opentelemetry-jaeger reason=no_patched_using_latest_version latest_version=0.22.0 latest_time=2024-05-15 17:19:37.026720 UTC patched_versions_count=0 unaffected_versions_count=0 patched_sample= unaffected_sample=
propagation fallback: rustsec_id=RUSTSEC-2025-0124 cve_id=RUSTSEC-2025-0124 pkg=rand_os reason=no_patched_using_latest_version latest_version=0.2.2 latest_time=2019-08-28 14:24:22.432373 UTC patched_versions_count=0 unaffected_versions_count=0 patched_sample= unaffected_sample=
propagation fallback: rustsec_id=RUSTSEC-2025-0127 cve_id=CVE-2025-66017 pkg=cggmp21 reason=no_patched_using_latest_version latest_version=0.6.3 latest_time=2025-11-24 10:46:28.228234 UTC patched_versions_count=0 unaffected_versions_count=0 patched_sample= unaffected_sample=
propagation fallback: rustsec_id=RUSTSEC-2025-0131 cve_id=RUSTSEC-2025-0131 pkg=rtvm-interpreter reason=no_patched_using_latest_version latest_version=4.0.0 latest_time=2024-04-21 21:14:29.972484 UTC patched_versions_count=0 unaffected_versions_count=0 patched_sample= unaffected_sample=
propagation fallback: rustsec_id=RUSTSEC-2025-0134 cve_id=RUSTSEC-2025-0134 pkg=rustls-pemfile reason=no_patched_using_latest_version latest_version=2.2.0 latest_time=2024-09-30 16:29:22.598843 UTC patched_versions_count=0 unaffected_versions_count=0 patched_sample= unaffected_sample=
propagation fallback: rustsec_id=RUSTSEC-2025-0141 cve_id=RUSTSEC-2025-0141 pkg=bincode reason=no_patched_using_latest_version latest_version=2.0.1 latest_time=2025-03-10 18:28:08.334006 UTC patched_versions_count=0 unaffected_versions_count=0 patched_sample= unaffected_sample=
propagation fallback: rustsec_id=RUSTSEC-2025-0142 cve_id=RUSTSEC-2025-0142 pkg=mnl reason=no_patched_using_latest_version latest_version=0.3.0 latest_time=2025-11-18 10:10:56.816626 UTC patched_versions_count=0 unaffected_versions_count=0 patched_sample= unaffected_sample=
verified propagation edges: 5 samples
processed advisories: 882, written rows: 30312, skipped advisories: 14
propagation fallback advisories (no patched using latest version): 341
crates.io version-time fallback: hits=7 misses=4
skipped advisories breakdown:
  withdrawn: 12
  no_fix_times: 2
